#
# There is insufficient memory for the Java Runtime Environment to continue.
# Native memory allocation (malloc) failed to allocate 166896 bytes for Chunk::new
# Possible reasons:
#   The system is out of physical RAM or swap space
#   The process is running with CompressedOops enabled, and the Java Heap may be blocking the growth of the native heap
# Possible solutions:
#   Reduce memory load on the system
#   Increase physical memory or swap space
#   Check if swap backing store is full
#   Decrease Java heap size (-Xmx/-Xms)
#   Decrease number of Java threads
#   Decrease Java thread stack sizes (-Xss)
#   Set larger code cache with -XX:ReservedCodeCacheSize=
#   JVM is running with Unscaled Compressed Oops mode in which the Java heap is
#     placed in the first 4GB address space. The Java Heap base address is the
#     maximum limit for the native heap growth. Please use -XX:HeapBaseMinAddress
#     to set the Java Heap base and to place the Java Heap above 4GB virtual address.
# This output file may be truncated or incomplete.
#
#  Out of Memory Error (arena.cpp:184), pid=25108, tid=25264
#
# JRE version: Java(TM) SE Runtime Environment (18.0.2.1+1) (build 18.0.2.1+1-1)
# Java VM: Java HotSpot(TM) 64-Bit Server VM (18.0.2.1+1-1, mixed mode, tiered, compressed oops, compressed class ptrs, g1 gc, windows-amd64)
# No core dump will be written. Minidumps are not enabled by default on client versions of Windows
#

---------------  S U M M A R Y ------------

Command Line: -Dfile.encoding=UTF-8 --module-path=C:\Users\HP\Dropbox\PC\Documents\NetBeansProjects\Bank Management System\build\classes bank.management.system.Transactions

Host: 11th Gen Intel(R) Core(TM) i5-1135G7 @ 2.40GHz, 8 cores, 7G,  Windows 11 , 64 bit Build 22621 (10.0.22621.963)
Time: Thu Jan 12 11:57:20 2023 India Standard Time elapsed time: 0.209027 seconds (0d 0h 0m 0s)

---------------  T H R E A D  ---------------

Current thread (0x000002b4080071b0):  JavaThread "C2 CompilerThread0" daemon [_thread_in_native, id=25264, stack(0x000000ecc5e00000,0x000000ecc5f00000)]


Current CompileTask:
C2:    209  168       4       java.util.HashMap::putVal (300 bytes)

Stack: [0x000000ecc5e00000,0x000000ecc5f00000]
Native frames: (J=compiled Java code, j=interpreted, Vv=VM code, C=native code)
V  [jvm.dll+0x6993aa]
V  [jvm.dll+0x7f46dd]
V  [jvm.dll+0x7f5fee]
V  [jvm.dll+0x7f66a3]
V  [jvm.dll+0x25cf1f]
V  [jvm.dll+0xb8c2f]
V  [jvm.dll+0xb8fa5]
V  [jvm.dll+0x386091]
V  [jvm.dll+0x34fe71]
V  [jvm.dll+0x34f30a]
V  [jvm.dll+0x230101]
V  [jvm.dll+0x22f4d1]
V  [jvm.dll+0x1ba01c]
V  [jvm.dll+0x23ee0a]
V  [jvm.dll+0x23d0f5]
V  [jvm.dll+0x7a6dd1]
V  [jvm.dll+0x7a120a]
V  [jvm.dll+0x698255]
C  [ucrtbase.dll+0x29363]
C  [KERNEL32.DLL+0x126bd]
C  [ntdll.dll+0x5dfb8]


---------------  P R O C E S S  ---------------

Threads class SMR info:
_java_thread_list=0x000002b408245910, length=12, elements={
0x000002b46529e320, 0x000002b47f382010, 0x000002b47f3849c0, 0x000002b47f3b9180,
0x000002b408002090, 0x000002b408002640, 0x000002b408002fe0, 0x000002b4080071b0,
0x000002b40800fba0, 0x000002b40801bd70, 0x000002b47f2f7f60, 0x000002b408297030
}

Java Threads: ( => current thread )
  0x000002b46529e320 JavaThread "main" [_thread_in_vm, id=14164, stack(0x000000ecc5100000,0x000000ecc5200000)]
  0x000002b47f382010 JavaThread "Reference Handler" daemon [_thread_blocked, id=25084, stack(0x000000ecc5800000,0x000000ecc5900000)]
  0x000002b47f3849c0 JavaThread "Finalizer" daemon [_thread_blocked, id=22600, stack(0x000000ecc5900000,0x000000ecc5a00000)]
  0x000002b47f3b9180 JavaThread "Signal Dispatcher" daemon [_thread_blocked, id=25468, stack(0x000000ecc5a00000,0x000000ecc5b00000)]
  0x000002b408002090 JavaThread "Attach Listener" daemon [_thread_blocked, id=21860, stack(0x000000ecc5b00000,0x000000ecc5c00000)]
  0x000002b408002640 JavaThread "Service Thread" daemon [_thread_blocked, id=23880, stack(0x000000ecc5c00000,0x000000ecc5d00000)]
  0x000002b408002fe0 JavaThread "Monitor Deflation Thread" daemon [_thread_blocked, id=22032, stack(0x000000ecc5d00000,0x000000ecc5e00000)]
=>0x000002b4080071b0 JavaThread "C2 CompilerThread0" daemon [_thread_in_native, id=25264, stack(0x000000ecc5e00000,0x000000ecc5f00000)]
  0x000002b40800fba0 JavaThread "C1 CompilerThread0" daemon [_thread_blocked, id=16860, stack(0x000000ecc5f00000,0x000000ecc6000000)]
  0x000002b40801bd70 JavaThread "Sweeper thread" daemon [_thread_blocked, id=3284, stack(0x000000ecc6000000,0x000000ecc6100000)]
  0x000002b47f2f7f60 JavaThread "Common-Cleaner" daemon [_thread_blocked, id=21808, stack(0x000000ecc6100000,0x000000ecc6200000)]
  0x000002b408297030 JavaThread "Notification Thread" daemon [_thread_blocked, id=21168, stack(0x000000ecc6200000,0x000000ecc6300000)]

Other Threads:
  0x000002b47f36ed30 VMThread "VM Thread" [stack: 0x000000ecc5700000,0x000000ecc5800000] [id=24752]
  0x000002b4082f1750 WatcherThread "VM Periodic Task Thread" [stack: 0x000000ecc6300000,0x000000ecc6400000] [id=9344]
  0x000002b4652fd590 WorkerThread "GC Thread#0" [stack: 0x000000ecc5200000,0x000000ecc5300000] [id=4888]
  0x000002b46530f8d0 ConcurrentGCThread "G1 Main Marker" [stack: 0x000000ecc5300000,0x000000ecc5400000] [id=25372]
  0x000002b465310ac0 WorkerThread "G1 Conc#0" [stack: 0x000000ecc5400000,0x000000ecc5500000] [id=4744]
  0x000002b46535d080 ConcurrentGCThread "G1 Refine#0" [stack: 0x000000ecc5500000,0x000000ecc5600000] [id=25560]
  0x000002b46535e840 ConcurrentGCThread "G1 Service" [stack: 0x000000ecc5600000,0x000000ecc5700000] [id=25420]

Threads with active compile tasks:
C2 CompilerThread0      220  168       4       java.util.HashMap::putVal (300 bytes)

VM state: not at safepoint (normal execution)

VM Mutex/Monitor currently owned by a thread:  ([mutex/lock_event])
[0x000002b465298ef0] Metaspace_lock - owner thread: 0x000002b46529e320

Heap address: 0x0000000085800000, size: 1960 MB, Compressed Oops mode: 32-bit

CDS archive(s) not mapped
Compressed class space mapped at: 0x0000000100000000-0x0000000140000000, reserved size: 1073741824
Narrow klass base: 0x0000000000000000, Narrow klass shift: 3, Narrow klass range: 0x140000000

GC Precious Log:
 CardTable entry size: 512
 Card Set container configuration: InlinePtr #cards 5 size 8 Array Of Cards #cards 12 size 40 Howl #buckets 4 coarsen threshold 1843 Howl Bitmap #cards 512 size 80 coarsen threshold 460 Card regions per heap region 1 cards per card region 2048
 CPUs: 8 total, 8 available
 Memory: 7834M
 Large Page Support: Disabled
 NUMA Support: Disabled
 Compressed Oops: Enabled (32-bit)
 Heap Region Size: 1M
 Heap Min Capacity: 8M
 Heap Initial Capacity: 124M
 Heap Max Capacity: 1960M
 Pre-touch: Disabled
 Parallel Workers: 8
 Concurrent Workers: 2
 Concurrent Refinement Workers: 8
 Periodic GC: Disabled

Heap:
 garbage-first heap   total 126976K, used 1024K [0x0000000085800000, 0x0000000100000000)
  region size 1024K, 2 young (2048K), 0 survivors (0K)
 Metaspace       used 5932K, committed 6016K, reserved 1114112K
  class space    used 489K, committed 512K, reserved 1048576K

Heap Regions: E=young(eden), S=young(survivor), O=old, HS=humongous(starts), HC=humongous(continues), CS=collection set, F=free, OA=open archive, CA=closed archive, TAMS=top-at-mark-start (previous, next)
|   0|0x0000000085800000, 0x0000000085800000, 0x0000000085900000|  0%| F|  |TAMS 0x0000000085800000, 0x0000000085800000| Untracked 
|   1|0x0000000085900000, 0x0000000085900000, 0x0000000085a00000|  0%| F|  |TAMS 0x0000000085900000, 0x0000000085900000| Untracked 
|   2|0x0000000085a00000, 0x0000000085a00000, 0x0000000085b00000|  0%| F|  |TAMS 0x0000000085a00000, 0x0000000085a00000| Untracked 
|   3|0x0000000085b00000, 0x0000000085b00000, 0x0000000085c00000|  0%| F|  |TAMS 0x0000000085b00000, 0x0000000085b00000| Untracked 
|   4|0x0000000085c00000, 0x0000000085c00000, 0x0000000085d00000|  0%| F|  |TAMS 0x0000000085c00000, 0x0000000085c00000| Untracked 
|   5|0x0000000085d00000, 0x0000000085d00000, 0x0000000085e00000|  0%| F|  |TAMS 0x0000000085d00000, 0x0000000085d00000| Untracked 
|   6|0x0000000085e00000, 0x0000000085e00000, 0x0000000085f00000|  0%| F|  |TAMS 0x0000000085e00000, 0x0000000085e00000| Untracked 
|   7|0x0000000085f00000, 0x0000000085f00000, 0x0000000086000000|  0%| F|  |TAMS 0x0000000085f00000, 0x0000000085f00000| Untracked 
|   8|0x0000000086000000, 0x0000000086000000, 0x0000000086100000|  0%| F|  |TAMS 0x0000000086000000, 0x0000000086000000| Untracked 
|   9|0x0000000086100000, 0x0000000086100000, 0x0000000086200000|  0%| F|  |TAMS 0x0000000086100000, 0x0000000086100000| Untracked 
|  10|0x0000000086200000, 0x0000000086200000, 0x0000000086300000|  0%| F|  |TAMS 0x0000000086200000, 0x0000000086200000| Untracked 
|  11|0x0000000086300000, 0x0000000086300000, 0x0000000086400000|  0%| F|  |TAMS 0x0000000086300000, 0x0000000086300000| Untracked 
|  12|0x0000000086400000, 0x0000000086400000, 0x0000000086500000|  0%| F|  |TAMS 0x0000000086400000, 0x0000000086400000| Untracked 
|  13|0x0000000086500000, 0x0000000086500000, 0x0000000086600000|  0%| F|  |TAMS 0x0000000086500000, 0x0000000086500000| Untracked 
|  14|0x0000000086600000, 0x0000000086600000, 0x0000000086700000|  0%| F|  |TAMS 0x0000000086600000, 0x0000000086600000| Untracked 
|  15|0x0000000086700000, 0x0000000086700000, 0x0000000086800000|  0%| F|  |TAMS 0x0000000086700000, 0x0000000086700000| Untracked 
|  16|0x0000000086800000, 0x0000000086800000, 0x0000000086900000|  0%| F|  |TAMS 0x0000000086800000, 0x0000000086800000| Untracked 
|  17|0x0000000086900000, 0x0000000086900000, 0x0000000086a00000|  0%| F|  |TAMS 0x0000000086900000, 0x0000000086900000| Untracked 
|  18|0x0000000086a00000, 0x0000000086a00000, 0x0000000086b00000|  0%| F|  |TAMS 0x0000000086a00000, 0x0000000086a00000| Untracked 
|  19|0x0000000086b00000, 0x0000000086b00000, 0x0000000086c00000|  0%| F|  |TAMS 0x0000000086b00000, 0x0000000086b00000| Untracked 
|  20|0x0000000086c00000, 0x0000000086c00000, 0x0000000086d00000|  0%| F|  |TAMS 0x0000000086c00000, 0x0000000086c00000| Untracked 
|  21|0x0000000086d00000, 0x0000000086d00000, 0x0000000086e00000|  0%| F|  |TAMS 0x0000000086d00000, 0x0000000086d00000| Untracked 
|  22|0x0000000086e00000, 0x0000000086e00000, 0x0000000086f00000|  0%| F|  |TAMS 0x0000000086e00000, 0x0000000086e00000| Untracked 
|  23|0x0000000086f00000, 0x0000000086f00000, 0x0000000087000000|  0%| F|  |TAMS 0x0000000086f00000, 0x0000000086f00000| Untracked 
|  24|0x0000000087000000, 0x0000000087000000, 0x0000000087100000|  0%| F|  |TAMS 0x0000000087000000, 0x0000000087000000| Untracked 
|  25|0x0000000087100000, 0x0000000087100000, 0x0000000087200000|  0%| F|  |TAMS 0x0000000087100000, 0x0000000087100000| Untracked 
|  26|0x0000000087200000, 0x0000000087200000, 0x0000000087300000|  0%| F|  |TAMS 0x0000000087200000, 0x0000000087200000| Untracked 
|  27|0x0000000087300000, 0x0000000087300000, 0x0000000087400000|  0%| F|  |TAMS 0x0000000087300000, 0x0000000087300000| Untracked 
|  28|0x0000000087400000, 0x0000000087400000, 0x0000000087500000|  0%| F|  |TAMS 0x0000000087400000, 0x0000000087400000| Untracked 
|  29|0x0000000087500000, 0x0000000087500000, 0x0000000087600000|  0%| F|  |TAMS 0x0000000087500000, 0x0000000087500000| Untracked 
|  30|0x0000000087600000, 0x0000000087600000, 0x0000000087700000|  0%| F|  |TAMS 0x0000000087600000, 0x0000000087600000| Untracked 
|  31|0x0000000087700000, 0x0000000087700000, 0x0000000087800000|  0%| F|  |TAMS 0x0000000087700000, 0x0000000087700000| Untracked 
|  32|0x0000000087800000, 0x0000000087800000, 0x0000000087900000|  0%| F|  |TAMS 0x0000000087800000, 0x0000000087800000| Untracked 
|  33|0x0000000087900000, 0x0000000087900000, 0x0000000087a00000|  0%| F|  |TAMS 0x0000000087900000, 0x0000000087900000| Untracked 
|  34|0x0000000087a00000, 0x0000000087a00000, 0x0000000087b00000|  0%| F|  |TAMS 0x0000000087a00000, 0x0000000087a00000| Untracked 
|  35|0x0000000087b00000, 0x0000000087b00000, 0x0000000087c00000|  0%| F|  |TAMS 0x0000000087b00000, 0x0000000087b00000| Untracked 
|  36|0x0000000087c00000, 0x0000000087c00000, 0x0000000087d00000|  0%| F|  |TAMS 0x0000000087c00000, 0x0000000087c00000| Untracked 
|  37|0x0000000087d00000, 0x0000000087d00000, 0x0000000087e00000|  0%| F|  |TAMS 0x0000000087d00000, 0x0000000087d00000| Untracked 
|  38|0x0000000087e00000, 0x0000000087e00000, 0x0000000087f00000|  0%| F|  |TAMS 0x0000000087e00000, 0x0000000087e00000| Untracked 
|  39|0x0000000087f00000, 0x0000000087f00000, 0x0000000088000000|  0%| F|  |TAMS 0x0000000087f00000, 0x0000000087f00000| Untracked 
|  40|0x0000000088000000, 0x0000000088000000, 0x0000000088100000|  0%| F|  |TAMS 0x0000000088000000, 0x0000000088000000| Untracked 
|  41|0x0000000088100000, 0x0000000088100000, 0x0000000088200000|  0%| F|  |TAMS 0x0000000088100000, 0x0000000088100000| Untracked 
|  42|0x0000000088200000, 0x0000000088200000, 0x0000000088300000|  0%| F|  |TAMS 0x0000000088200000, 0x0000000088200000| Untracked 
|  43|0x0000000088300000, 0x0000000088300000, 0x0000000088400000|  0%| F|  |TAMS 0x0000000088300000, 0x0000000088300000| Untracked 
|  44|0x0000000088400000, 0x0000000088400000, 0x0000000088500000|  0%| F|  |TAMS 0x0000000088400000, 0x0000000088400000| Untracked 
|  45|0x0000000088500000, 0x0000000088500000, 0x0000000088600000|  0%| F|  |TAMS 0x0000000088500000, 0x0000000088500000| Untracked 
|  46|0x0000000088600000, 0x0000000088600000, 0x0000000088700000|  0%| F|  |TAMS 0x0000000088600000, 0x0000000088600000| Untracked 
|  47|0x0000000088700000, 0x0000000088700000, 0x0000000088800000|  0%| F|  |TAMS 0x0000000088700000, 0x0000000088700000| Untracked 
|  48|0x0000000088800000, 0x0000000088800000, 0x0000000088900000|  0%| F|  |TAMS 0x0000000088800000, 0x0000000088800000| Untracked 
|  49|0x0000000088900000, 0x0000000088900000, 0x0000000088a00000|  0%| F|  |TAMS 0x0000000088900000, 0x0000000088900000| Untracked 
|  50|0x0000000088a00000, 0x0000000088a00000, 0x0000000088b00000|  0%| F|  |TAMS 0x0000000088a00000, 0x0000000088a00000| Untracked 
|  51|0x0000000088b00000, 0x0000000088b00000, 0x0000000088c00000|  0%| F|  |TAMS 0x0000000088b00000, 0x0000000088b00000| Untracked 
|  52|0x0000000088c00000, 0x0000000088c00000, 0x0000000088d00000|  0%| F|  |TAMS 0x0000000088c00000, 0x0000000088c00000| Untracked 
|  53|0x0000000088d00000, 0x0000000088d00000, 0x0000000088e00000|  0%| F|  |TAMS 0x0000000088d00000, 0x0000000088d00000| Untracked 
|  54|0x0000000088e00000, 0x0000000088e00000, 0x0000000088f00000|  0%| F|  |TAMS 0x0000000088e00000, 0x0000000088e00000| Untracked 
|  55|0x0000000088f00000, 0x0000000088f00000, 0x0000000089000000|  0%| F|  |TAMS 0x0000000088f00000, 0x0000000088f00000| Untracked 
|  56|0x0000000089000000, 0x0000000089000000, 0x0000000089100000|  0%| F|  |TAMS 0x0000000089000000, 0x0000000089000000| Untracked 
|  57|0x0000000089100000, 0x0000000089100000, 0x0000000089200000|  0%| F|  |TAMS 0x0000000089100000, 0x0000000089100000| Untracked 
|  58|0x0000000089200000, 0x0000000089200000, 0x0000000089300000|  0%| F|  |TAMS 0x0000000089200000, 0x0000000089200000| Untracked 
|  59|0x0000000089300000, 0x0000000089300000, 0x0000000089400000|  0%| F|  |TAMS 0x0000000089300000, 0x0000000089300000| Untracked 
|  60|0x0000000089400000, 0x0000000089400000, 0x0000000089500000|  0%| F|  |TAMS 0x0000000089400000, 0x0000000089400000| Untracked 
|  61|0x0000000089500000, 0x0000000089500000, 0x0000000089600000|  0%| F|  |TAMS 0x0000000089500000, 0x0000000089500000| Untracked 
|  62|0x0000000089600000, 0x0000000089600000, 0x0000000089700000|  0%| F|  |TAMS 0x0000000089600000, 0x0000000089600000| Untracked 
|  63|0x0000000089700000, 0x0000000089700000, 0x0000000089800000|  0%| F|  |TAMS 0x0000000089700000, 0x0000000089700000| Untracked 
|  64|0x0000000089800000, 0x0000000089800000, 0x0000000089900000|  0%| F|  |TAMS 0x0000000089800000, 0x0000000089800000| Untracked 
|  65|0x0000000089900000, 0x0000000089900000, 0x0000000089a00000|  0%| F|  |TAMS 0x0000000089900000, 0x0000000089900000| Untracked 
|  66|0x0000000089a00000, 0x0000000089a00000, 0x0000000089b00000|  0%| F|  |TAMS 0x0000000089a00000, 0x0000000089a00000| Untracked 
|  67|0x0000000089b00000, 0x0000000089b00000, 0x0000000089c00000|  0%| F|  |TAMS 0x0000000089b00000, 0x0000000089b00000| Untracked 
|  68|0x0000000089c00000, 0x0000000089c00000, 0x0000000089d00000|  0%| F|  |TAMS 0x0000000089c00000, 0x0000000089c00000| Untracked 
|  69|0x0000000089d00000, 0x0000000089d00000, 0x0000000089e00000|  0%| F|  |TAMS 0x0000000089d00000, 0x0000000089d00000| Untracked 
|  70|0x0000000089e00000, 0x0000000089e00000, 0x0000000089f00000|  0%| F|  |TAMS 0x0000000089e00000, 0x0000000089e00000| Untracked 
|  71|0x0000000089f00000, 0x0000000089f00000, 0x000000008a000000|  0%| F|  |TAMS 0x0000000089f00000, 0x0000000089f00000| Untracked 
|  72|0x000000008a000000, 0x000000008a000000, 0x000000008a100000|  0%| F|  |TAMS 0x000000008a000000, 0x000000008a000000| Untracked 
|  73|0x000000008a100000, 0x000000008a100000, 0x000000008a200000|  0%| F|  |TAMS 0x000000008a100000, 0x000000008a100000| Untracked 
|  74|0x000000008a200000, 0x000000008a200000, 0x000000008a300000|  0%| F|  |TAMS 0x000000008a200000, 0x000000008a200000| Untracked 
|  75|0x000000008a300000, 0x000000008a300000, 0x000000008a400000|  0%| F|  |TAMS 0x000000008a300000, 0x000000008a300000| Untracked 
|  76|0x000000008a400000, 0x000000008a400000, 0x000000008a500000|  0%| F|  |TAMS 0x000000008a400000, 0x000000008a400000| Untracked 
|  77|0x000000008a500000, 0x000000008a500000, 0x000000008a600000|  0%| F|  |TAMS 0x000000008a500000, 0x000000008a500000| Untracked 
|  78|0x000000008a600000, 0x000000008a600000, 0x000000008a700000|  0%| F|  |TAMS 0x000000008a600000, 0x000000008a600000| Untracked 
|  79|0x000000008a700000, 0x000000008a700000, 0x000000008a800000|  0%| F|  |TAMS 0x000000008a700000, 0x000000008a700000| Untracked 
|  80|0x000000008a800000, 0x000000008a800000, 0x000000008a900000|  0%| F|  |TAMS 0x000000008a800000, 0x000000008a800000| Untracked 
|  81|0x000000008a900000, 0x000000008a900000, 0x000000008aa00000|  0%| F|  |TAMS 0x000000008a900000, 0x000000008a900000| Untracked 
|  82|0x000000008aa00000, 0x000000008aa00000, 0x000000008ab00000|  0%| F|  |TAMS 0x000000008aa00000, 0x000000008aa00000| Untracked 
|  83|0x000000008ab00000, 0x000000008ab00000, 0x000000008ac00000|  0%| F|  |TAMS 0x000000008ab00000, 0x000000008ab00000| Untracked 
|  84|0x000000008ac00000, 0x000000008ac00000, 0x000000008ad00000|  0%| F|  |TAMS 0x000000008ac00000, 0x000000008ac00000| Untracked 
|  85|0x000000008ad00000, 0x000000008ad00000, 0x000000008ae00000|  0%| F|  |TAMS 0x000000008ad00000, 0x000000008ad00000| Untracked 
|  86|0x000000008ae00000, 0x000000008ae00000, 0x000000008af00000|  0%| F|  |TAMS 0x000000008ae00000, 0x000000008ae00000| Untracked 
|  87|0x000000008af00000, 0x000000008af00000, 0x000000008b000000|  0%| F|  |TAMS 0x000000008af00000, 0x000000008af00000| Untracked 
|  88|0x000000008b000000, 0x000000008b000000, 0x000000008b100000|  0%| F|  |TAMS 0x000000008b000000, 0x000000008b000000| Untracked 
|  89|0x000000008b100000, 0x000000008b100000, 0x000000008b200000|  0%| F|  |TAMS 0x000000008b100000, 0x000000008b100000| Untracked 
|  90|0x000000008b200000, 0x000000008b200000, 0x000000008b300000|  0%| F|  |TAMS 0x000000008b200000, 0x000000008b200000| Untracked 
|  91|0x000000008b300000, 0x000000008b300000, 0x000000008b400000|  0%| F|  |TAMS 0x000000008b300000, 0x000000008b300000| Untracked 
|  92|0x000000008b400000, 0x000000008b400000, 0x000000008b500000|  0%| F|  |TAMS 0x000000008b400000, 0x000000008b400000| Untracked 
|  93|0x000000008b500000, 0x000000008b500000, 0x000000008b600000|  0%| F|  |TAMS 0x000000008b500000, 0x000000008b500000| Untracked 
|  94|0x000000008b600000, 0x000000008b600000, 0x000000008b700000|  0%| F|  |TAMS 0x000000008b600000, 0x000000008b600000| Untracked 
|  95|0x000000008b700000, 0x000000008b700000, 0x000000008b800000|  0%| F|  |TAMS 0x000000008b700000, 0x000000008b700000| Untracked 
|  96|0x000000008b800000, 0x000000008b800000, 0x000000008b900000|  0%| F|  |TAMS 0x000000008b800000, 0x000000008b800000| Untracked 
|  97|0x000000008b900000, 0x000000008b900000, 0x000000008ba00000|  0%| F|  |TAMS 0x000000008b900000, 0x000000008b900000| Untracked 
|  98|0x000000008ba00000, 0x000000008ba00000, 0x000000008bb00000|  0%| F|  |TAMS 0x000000008ba00000, 0x000000008ba00000| Untracked 
|  99|0x000000008bb00000, 0x000000008bb00000, 0x000000008bc00000|  0%| F|  |TAMS 0x000000008bb00000, 0x000000008bb00000| Untracked 
| 100|0x000000008bc00000, 0x000000008bc00000, 0x000000008bd00000|  0%| F|  |TAMS 0x000000008bc00000, 0x000000008bc00000| Untracked 
| 101|0x000000008bd00000, 0x000000008bd00000, 0x000000008be00000|  0%| F|  |TAMS 0x000000008bd00000, 0x000000008bd00000| Untracked 
| 102|0x000000008be00000, 0x000000008be00000, 0x000000008bf00000|  0%| F|  |TAMS 0x000000008be00000, 0x000000008be00000| Untracked 
| 103|0x000000008bf00000, 0x000000008bf00000, 0x000000008c000000|  0%| F|  |TAMS 0x000000008bf00000, 0x000000008bf00000| Untracked 
| 104|0x000000008c000000, 0x000000008c000000, 0x000000008c100000|  0%| F|  |TAMS 0x000000008c000000, 0x000000008c000000| Untracked 
| 105|0x000000008c100000, 0x000000008c100000, 0x000000008c200000|  0%| F|  |TAMS 0x000000008c100000, 0x000000008c100000| Untracked 
| 106|0x000000008c200000, 0x000000008c200000, 0x000000008c300000|  0%| F|  |TAMS 0x000000008c200000, 0x000000008c200000| Untracked 
| 107|0x000000008c300000, 0x000000008c300000, 0x000000008c400000|  0%| F|  |TAMS 0x000000008c300000, 0x000000008c300000| Untracked 
| 108|0x000000008c400000, 0x000000008c400000, 0x000000008c500000|  0%| F|  |TAMS 0x000000008c400000, 0x000000008c400000| Untracked 
| 109|0x000000008c500000, 0x000000008c500000, 0x000000008c600000|  0%| F|  |TAMS 0x000000008c500000, 0x000000008c500000| Untracked 
| 110|0x000000008c600000, 0x000000008c600000, 0x000000008c700000|  0%| F|  |TAMS 0x000000008c600000, 0x000000008c600000| Untracked 
| 111|0x000000008c700000, 0x000000008c700000, 0x000000008c800000|  0%| F|  |TAMS 0x000000008c700000, 0x000000008c700000| Untracked 
| 112|0x000000008c800000, 0x000000008c800000, 0x000000008c900000|  0%| F|  |TAMS 0x000000008c800000, 0x000000008c800000| Untracked 
| 113|0x000000008c900000, 0x000000008c900000, 0x000000008ca00000|  0%| F|  |TAMS 0x000000008c900000, 0x000000008c900000| Untracked 
| 114|0x000000008ca00000, 0x000000008ca00000, 0x000000008cb00000|  0%| F|  |TAMS 0x000000008ca00000, 0x000000008ca00000| Untracked 
| 115|0x000000008cb00000, 0x000000008cb00000, 0x000000008cc00000|  0%| F|  |TAMS 0x000000008cb00000, 0x000000008cb00000| Untracked 
| 116|0x000000008cc00000, 0x000000008cc00000, 0x000000008cd00000|  0%| F|  |TAMS 0x000000008cc00000, 0x000000008cc00000| Untracked 
| 117|0x000000008cd00000, 0x000000008cd00000, 0x000000008ce00000|  0%| F|  |TAMS 0x000000008cd00000, 0x000000008cd00000| Untracked 
| 118|0x000000008ce00000, 0x000000008ce00000, 0x000000008cf00000|  0%| F|  |TAMS 0x000000008ce00000, 0x000000008ce00000| Untracked 
| 119|0x000000008cf00000, 0x000000008cf00000, 0x000000008d000000|  0%| F|  |TAMS 0x000000008cf00000, 0x000000008cf00000| Untracked 
| 120|0x000000008d000000, 0x000000008d000000, 0x000000008d100000|  0%| F|  |TAMS 0x000000008d000000, 0x000000008d000000| Untracked 
| 121|0x000000008d100000, 0x000000008d100000, 0x000000008d200000|  0%| F|  |TAMS 0x000000008d100000, 0x000000008d100000| Untracked 
| 122|0x000000008d200000, 0x000000008d2ec088, 0x000000008d300000| 92%| E|  |TAMS 0x000000008d200000, 0x000000008d200000| Complete 
| 123|0x000000008d300000, 0x000000008d400000, 0x000000008d400000|100%| E|CS|TAMS 0x000000008d300000, 0x000000008d300000| Complete 

Card table byte_map: [0x000002b47c2e0000,0x000002b47c6c0000] _byte_map_base: 0x000002b47beb4000

Marking Bits (Prev, Next): (CMBitMap*) 0x000002b4652ffaa0, (CMBitMap*) 0x000002b4652ffae0
 Prev Bits: [0x000002b47caa0000, 0x000002b47e940000)
 Next Bits: [0x000002b400000000, 0x000002b401ea0000)

Polling page: 0x000002b464a60000

Metaspace:

Usage:
  Non-class:      5.31 MB used.
      Class:    489.80 KB used.
       Both:      5.79 MB used.

Virtual space:
  Non-class space:       64.00 MB reserved,       5.38 MB (  8%) committed,  1 nodes.
      Class space:        1.00 GB reserved,     512.00 KB ( <1%) committed,  1 nodes.
             Both:        1.06 GB reserved,       5.88 MB ( <1%) committed. 

Chunk freelists:
   Non-Class:  2.50 MB
       Class:  3.51 MB
        Both:  6.01 MB

MaxMetaspaceSize: unlimited
CompressedClassSpaceSize: 1.00 GB
Initial GC threshold: 21.00 MB
Current GC threshold: 21.00 MB
CDS: off
MetaspaceReclaimPolicy: balanced
 - commit_granule_bytes: 65536.
 - commit_granule_words: 8192.
 - virtual_space_node_default_size: 8388608.
 - enlarge_chunks_in_place: 1.
 - new_chunks_are_fully_committed: 0.
 - uncommit_free_chunks: 1.
 - use_allocation_guard: 0.


Internal statistics:

num_allocs_failed_limit: 0.
num_arena_births: 6.
num_arena_deaths: 0.
num_vsnodes_births: 2.
num_vsnodes_deaths: 0.
num_space_committed: 94.
num_space_uncommitted: 0.
num_chunks_returned_to_freelist: 0.
num_chunks_taken_from_freelist: 13.
num_chunk_merges: 0.
num_chunk_splits: 5.
num_chunks_enlarged: 2.
num_inconsistent_stats: 0.

CodeHeap 'non-profiled nmethods': size=120000Kb used=54Kb max_used=54Kb free=119945Kb
 bounds [0x000002b4746a0000, 0x000002b474910000, 0x000002b47bbd0000]
CodeHeap 'profiled nmethods': size=120000Kb used=206Kb max_used=206Kb free=119793Kb
 bounds [0x000002b46d170000, 0x000002b46d3e0000, 0x000002b4746a0000]
CodeHeap 'non-nmethods': size=5760Kb used=1111Kb max_used=1123Kb free=4648Kb
 bounds [0x000002b46cbd0000, 0x000002b46ce40000, 0x000002b46d170000]
 total_blobs=549 nmethods=186 adapters=276
 compilation: enabled
              stopped_count=0, restarted_count=0
 full_count=0

Compilation events (20 events):
Event: 0.201 Thread 0x000002b40800fba0  183       3       java.util.AbstractSet::<init> (5 bytes)
Event: 0.201 Thread 0x000002b40800fba0 nmethod 183 0x000002b46d1a1690 code [0x000002b46d1a1840, 0x000002b46d1a19f8]
Event: 0.201 Thread 0x000002b40800fba0  182       3       java.util.ImmutableCollections$Set12$1::<init> (32 bytes)
Event: 0.201 Thread 0x000002b40800fba0 nmethod 182 0x000002b46d1a1b10 code [0x000002b46d1a1cc0, 0x000002b46d1a1ef8]
Event: 0.201 Thread 0x000002b40800fba0  184       3       java.util.HashSet::<init> (16 bytes)
Event: 0.202 Thread 0x000002b40800fba0 nmethod 184 0x000002b46d1a2010 code [0x000002b46d1a21e0, 0x000002b46d1a25f8]
Event: 0.202 Thread 0x000002b40800fba0  176       1       java.lang.module.ModuleDescriptor$Version::toString (5 bytes)
Event: 0.202 Thread 0x000002b40800fba0 nmethod 176 0x000002b4746aca90 code [0x000002b4746acc20, 0x000002b4746accf8]
Event: 0.202 Thread 0x000002b40800fba0  187       3       java.lang.module.ResolvedModule::name (11 bytes)
Event: 0.202 Thread 0x000002b40800fba0 nmethod 187 0x000002b46d1a2790 code [0x000002b46d1a2920, 0x000002b46d1a2a78]
Event: 0.202 Thread 0x000002b40800fba0  188       3       java.util.Set::of (68 bytes)
Event: 0.202 Thread 0x000002b40800fba0 nmethod 188 0x000002b46d1a2b90 code [0x000002b46d1a2dc0, 0x000002b46d1a35c8]
Event: 0.202 Thread 0x000002b40800fba0  185       1       java.lang.module.ResolvedModule::configuration (5 bytes)
Event: 0.202 Thread 0x000002b40800fba0 nmethod 185 0x000002b4746acd90 code [0x000002b4746acf20, 0x000002b4746acff8]
Event: 0.202 Thread 0x000002b40800fba0  186       1       java.lang.module.ModuleDescriptor::isOpen (5 bytes)
Event: 0.202 Thread 0x000002b40800fba0 nmethod 186 0x000002b4746ad090 code [0x000002b4746ad220, 0x000002b4746ad2f8]
Event: 0.202 Thread 0x000002b40800fba0  189       1       java.util.HashMap::size (5 bytes)
Event: 0.202 Thread 0x000002b40800fba0 nmethod 189 0x000002b4746ad390 code [0x000002b4746ad520, 0x000002b4746ad5f8]
Event: 0.202 Thread 0x000002b40800fba0  190       1       java.lang.module.ModuleDescriptor$Provides::service (5 bytes)
Event: 0.202 Thread 0x000002b40800fba0 nmethod 190 0x000002b4746ad690 code [0x000002b4746ad820, 0x000002b4746ad8f8]

GC Heap History (0 events):
No events

Deoptimization events (0 events):
No events

Classes loaded (20 events):
Event: 0.205 Loading class sun/util/locale/BaseLocale done
Event: 0.205 Loading class sun/util/locale/LocaleUtils
Event: 0.205 Loading class sun/util/locale/LocaleUtils done
Event: 0.205 Loading class sun/util/locale/BaseLocale$Key
Event: 0.205 Loading class sun/util/locale/BaseLocale$Key done
Event: 0.205 Loading class sun/util/locale/BaseLocale$Cache
Event: 0.205 Loading class sun/util/locale/LocaleObjectCache
Event: 0.206 Loading class sun/util/locale/LocaleObjectCache done
Event: 0.206 Loading class sun/util/locale/BaseLocale$Cache done
Event: 0.206 Loading class sun/util/locale/LocaleObjectCache$CacheEntry
Event: 0.206 Loading class sun/util/locale/LocaleObjectCache$CacheEntry done
Event: 0.206 Loading class java/util/Locale$Cache
Event: 0.206 Loading class java/util/Locale$Cache done
Event: 0.206 Loading class jdk/internal/vm/PostVMInitHook$2
Event: 0.206 Loading class jdk/internal/vm/PostVMInitHook$2 done
Event: 0.206 Loading class jdk/internal/util/EnvUtils
Event: 0.206 Loading class jdk/internal/util/EnvUtils done
Event: 0.206 Loading class jdk/internal/vm/PostVMInitHook$1
Event: 0.206 Loading class jdk/internal/vm/PostVMInitHook$1 done
Event: 0.206 Loading class sun/launcher/LauncherHelper

Classes unloaded (0 events):
No events

Classes redefined (0 events):
No events

Internal exceptions (4 events):
Event: 0.189 Thread 0x000002b46529e320 Exception <a 'sun/nio/fs/WindowsException'{0x000000008d250228}> (0x000000008d250228) 
thrown [s\open\src\hotspot\share\prims\jni.cpp, line 516]
Event: 0.190 Thread 0x000002b46529e320 Exception <a 'sun/nio/fs/WindowsException'{0x000000008d2507d0}> (0x000000008d2507d0) 
thrown [s\open\src\hotspot\share\prims\jni.cpp, line 516]
Event: 0.191 Thread 0x000002b46529e320 Exception <a 'sun/nio/fs/WindowsException'{0x000000008d253170}> (0x000000008d253170) 
thrown [s\open\src\hotspot\share\prims\jni.cpp, line 516]
Event: 0.191 Thread 0x000002b46529e320 Exception <a 'sun/nio/fs/WindowsException'{0x000000008d253cd0}> (0x000000008d253cd0) 
thrown [s\open\src\hotspot\share\prims\jni.cpp, line 516]

VM Operations (2 events):
Event: 0.192 Executing VM operation: HandshakeAllThreads
Event: 0.192 Executing VM operation: HandshakeAllThreads done

Events (16 events):
Event: 0.008 Loaded shared library C:\Program Files\Java\jdk-18.0.2.1\bin\java.dll
Event: 0.046 Loaded shared library C:\Program Files\Java\jdk-18.0.2.1\bin\jsvml.dll
Event: 0.046 Thread 0x000002b46529e320 Thread added: 0x000002b46529e320
Event: 0.055 Thread 0x000002b47f382010 Thread added: 0x000002b47f382010
Event: 0.056 Thread 0x000002b47f3849c0 Thread added: 0x000002b47f3849c0
Event: 0.084 Thread 0x000002b47f3b9180 Thread added: 0x000002b47f3b9180
Event: 0.084 Thread 0x000002b408002090 Thread added: 0x000002b408002090
Event: 0.084 Thread 0x000002b408002640 Thread added: 0x000002b408002640
Event: 0.084 Thread 0x000002b408002fe0 Thread added: 0x000002b408002fe0
Event: 0.085 Thread 0x000002b4080071b0 Thread added: 0x000002b4080071b0
Event: 0.085 Thread 0x000002b40800fba0 Thread added: 0x000002b40800fba0
Event: 0.085 Thread 0x000002b40801bd70 Thread added: 0x000002b40801bd70
Event: 0.159 Thread 0x000002b47f2f7f60 Thread added: 0x000002b47f2f7f60
Event: 0.187 Loaded shared library C:\Program Files\Java\jdk-18.0.2.1\bin\net.dll
Event: 0.188 Loaded shared library C:\Program Files\Java\jdk-18.0.2.1\bin\nio.dll
Event: 0.204 Thread 0x000002b408297030 Thread added: 0x000002b408297030


Dynamic libraries:
0x00007ff71f690000 - 0x00007ff71f6a0000 	C:\Program Files\Java\jdk-18.0.2.1\bin\java.exe
0x00007ff872810000 - 0x00007ff872a24000 	C:\WINDOWS\SYSTEM32\ntdll.dll
0x00007ff870600000 - 0x00007ff8706c3000 	C:\WINDOWS\System32\KERNEL32.DLL
0x00007ff86fe70000 - 0x00007ff87020d000 	C:\WINDOWS\System32\KERNELBASE.dll
0x00007ff8703c0000 - 0x00007ff8704d1000 	C:\WINDOWS\System32\ucrtbase.dll
0x00007ff84b6a0000 - 0x00007ff84b6b8000 	C:\Program Files\Java\jdk-18.0.2.1\bin\jli.dll
0x00007ff871190000 - 0x00007ff87123e000 	C:\WINDOWS\System32\ADVAPI32.dll
0x00007ff84b420000 - 0x00007ff84b43a000 	C:\Program Files\Java\jdk-18.0.2.1\bin\VCRUNTIME140.dll
0x00007ff872550000 - 0x00007ff8725f7000 	C:\WINDOWS\System32\msvcrt.dll
0x00007ff8716c0000 - 0x00007ff871764000 	C:\WINDOWS\System32\sechost.dll
0x00007ff8721d0000 - 0x00007ff8722e5000 	C:\WINDOWS\System32\RPCRT4.dll
0x00007ff872370000 - 0x00007ff87251d000 	C:\WINDOWS\System32\USER32.dll
0x00007ff86fc30000 - 0x00007ff86fc56000 	C:\WINDOWS\System32\win32u.dll
0x00007ff84eba0000 - 0x00007ff84ee2e000 	C:\WINDOWS\WinSxS\amd64_microsoft.windows.common-controls_6595b64144ccf1df_6.0.22621.608_none_a9444ca7c10bb01d\COMCTL32.dll
0x00007ff872520000 - 0x00007ff872549000 	C:\WINDOWS\System32\GDI32.dll
0x00007ff8704e0000 - 0x00007ff8705f2000 	C:\WINDOWS\System32\gdi32full.dll
0x00007ff86fc60000 - 0x00007ff86fcfa000 	C:\WINDOWS\System32\msvcp_win.dll
0x00007ff85e560000 - 0x00007ff85e56a000 	C:\WINDOWS\SYSTEM32\VERSION.dll
0x00007ff872190000 - 0x00007ff8721c2000 	C:\WINDOWS\System32\IMM32.DLL
0x00007ff84b410000 - 0x00007ff84b41c000 	C:\Program Files\Java\jdk-18.0.2.1\bin\vcruntime140_1.dll
0x00007fffc79f0000 - 0x00007fffc7a7d000 	C:\Program Files\Java\jdk-18.0.2.1\bin\msvcp140.dll
0x00007fffc6b90000 - 0x00007fffc77a1000 	C:\Program Files\Java\jdk-18.0.2.1\bin\server\jvm.dll
0x00007ff871dd0000 - 0x00007ff871dd8000 	C:\WINDOWS\System32\PSAPI.DLL
0x00007ff864320000 - 0x00007ff864354000 	C:\WINDOWS\SYSTEM32\WINMM.dll
0x00007ff844200000 - 0x00007ff844209000 	C:\WINDOWS\SYSTEM32\WSOCK32.dll
0x00007ff8722f0000 - 0x00007ff872361000 	C:\WINDOWS\System32\WS2_32.dll
0x00007ff86ed50000 - 0x00007ff86ed68000 	C:\WINDOWS\SYSTEM32\kernel.appcore.dll
0x00007fffc7de0000 - 0x00007fffc7dea000 	C:\Program Files\Java\jdk-18.0.2.1\bin\jimage.dll
0x00007ff86d760000 - 0x00007ff86d98e000 	C:\WINDOWS\SYSTEM32\DBGHELP.DLL
0x00007ff871a40000 - 0x00007ff871dca000 	C:\WINDOWS\System32\combase.dll
0x00007ff871910000 - 0x00007ff8719e7000 	C:\WINDOWS\System32\OLEAUT32.dll
0x00007ff8482c0000 - 0x00007ff8482f2000 	C:\WINDOWS\SYSTEM32\dbgcore.DLL
0x00007ff8702d0000 - 0x00007ff87034b000 	C:\WINDOWS\System32\bcryptPrimitives.dll
0x00007fffc7df0000 - 0x00007fffc7e15000 	C:\Program Files\Java\jdk-18.0.2.1\bin\java.dll
0x00007fffc7d00000 - 0x00007fffc7dd6000 	C:\Program Files\Java\jdk-18.0.2.1\bin\jsvml.dll
0x00007ff8706d0000 - 0x00007ff870ebf000 	C:\WINDOWS\System32\SHELL32.dll
0x00007ff86dbd0000 - 0x00007ff86e498000 	C:\WINDOWS\SYSTEM32\windows.storage.dll
0x00007ff86da90000 - 0x00007ff86dbce000 	C:\WINDOWS\SYSTEM32\wintypes.dll
0x00007ff871de0000 - 0x00007ff871ed1000 	C:\WINDOWS\System32\SHCORE.dll
0x00007ff872120000 - 0x00007ff87217e000 	C:\WINDOWS\System32\shlwapi.dll
0x00007ff86fb60000 - 0x00007ff86fb81000 	C:\WINDOWS\SYSTEM32\profapi.dll
0x00007fffc7ce0000 - 0x00007fffc7cf3000 	C:\Program Files\Java\jdk-18.0.2.1\bin\net.dll
0x00007ff866bc0000 - 0x00007ff866cef000 	C:\WINDOWS\SYSTEM32\WINHTTP.dll
0x00007ff86f1e0000 - 0x00007ff86f249000 	C:\WINDOWS\system32\mswsock.dll
0x00007fffc7cc0000 - 0x00007fffc7cd6000 	C:\Program Files\Java\jdk-18.0.2.1\bin\nio.dll

dbghelp: loaded successfully - version: 4.0.5 - missing functions: none
symbol engine: initialized successfully - sym options: 0x614 - pdb path: .;C:\Program Files\Java\jdk-18.0.2.1\bin;C:\WINDOWS\SYSTEM32;C:\WINDOWS\WinSxS\amd64_microsoft.windows.common-controls_6595b64144ccf1df_6.0.22621.608_none_a9444ca7c10bb01d;C:\Program Files\Java\jdk-18.0.2.1\bin\server

VM Arguments:
jvm_args: -Dfile.encoding=UTF-8 --module-path=C:\Users\HP\Dropbox\PC\Documents\NetBeansProjects\Bank Management System\build\classes 
java_command: bank.management.system.Transactions
java_class_path (initial): C:\Users\HP\Dropbox\PC\Downloads\jcalendar-1.4\lib\jcalendar-1.4.jar;C:\Users\HP\Dropbox\PC\Desktop\mysql-connector-java-8.0.30 (1)\mysql-connector-java-8.0.30\mysql-connector-java-8.0.30.jar;C:\Users\HP\Dropbox\PC\Documents\NetBeansProjects\Bank Management System\build\classes
Launcher Type: SUN_STANDARD

[Global flags]
     intx CICompilerCount                          = 4                                         {product} {ergonomic}
     uint ConcGCThreads                            = 2                                         {product} {ergonomic}
     uint G1ConcRefinementThreads                  = 8                                         {product} {ergonomic}
   size_t G1HeapRegionSize                         = 1048576                                   {product} {ergonomic}
    uintx GCDrainStackTargetSize                   = 64                                        {product} {ergonomic}
   size_t InitialHeapSize                          = 130023424                                 {product} {ergonomic}
   size_t MarkStackSize                            = 4194304                                   {product} {ergonomic}
   size_t MaxHeapSize                              = 2055208960                                {product} {ergonomic}
   size_t MaxNewSize                               = 1233125376                                {product} {ergonomic}
   size_t MinHeapDeltaBytes                        = 1048576                                   {product} {ergonomic}
   size_t MinHeapSize                              = 8388608                                   {product} {ergonomic}
    uintx NonNMethodCodeHeapSize                   = 5839372                                {pd product} {ergonomic}
    uintx NonProfiledCodeHeapSize                  = 122909434                              {pd product} {ergonomic}
    uintx ProfiledCodeHeapSize                     = 122909434                              {pd product} {ergonomic}
    uintx ReservedCodeCacheSize                    = 251658240                              {pd product} {ergonomic}
     bool SegmentedCodeCache                       = true                                      {product} {ergonomic}
   size_t SoftMaxHeapSize                          = 2055208960                             {manageable} {ergonomic}
     bool UseCompressedClassPointers               = true                           {product lp64_product} {ergonomic}
     bool UseCompressedOops                        = true                           {product lp64_product} {ergonomic}
     bool UseG1GC                                  = true                                      {product} {ergonomic}
     bool UseLargePagesIndividualAllocation        = false                                  {pd product} {ergonomic}

Logging:
Log output configuration:
 #0: stdout all=warning uptime,level,tags foldmultilines=false
 #1: stderr all=off uptime,level,tags foldmultilines=false

Environment Variables:
PATH=D:\movies\WINDOWS.X64_193000_db_home\bin;C:\Program Files\Common Files\Oracle\Java\javapath;C:\Program Files (x86)\Common Files\Oracle\Java\javapath;C:\Program Files (x86)\NVIDIA Corporation\PhysX\Common;D:\Jypyter Codes;C:\WINDOWS\system32;C:\WINDOWS;C:\WINDOWS\System32\Wbem;C:\WINDOWS\System32\WindowsPowerShell\v1.0\;C:\WINDOWS\System32\OpenSSH\;C:\Program Files (x86)\PowerShell\7\;C:\Program Files\PowerShell\7\;C:\Program Files\Git\cmd;C:\Program Files\Microsoft SQL Server\Client SDK\ODBC\170\Tools\Binn\;C:\Program Files\dotnet\;C:\WINDOWS\system32;C:\WINDOWS;C:\WINDOWS\System32\Wbem;C:\WINDOWS\System32\WindowsPowerShell\v1.0\;C:\WINDOWS\System32\OpenSSH\;C:\Program Files\nodejs\;C:\Program Files\MySQL\MySQL Shell 8.0\bin\;D:\Jypyter Codes;C:\Program Files\PyCharm Community Edition 2021.2\bin;;C:\Users\HP\AppData\Local\Microsoft\WindowsApps;C:\MinGW\bin;;C:\Program Files\JetBrains\IntelliJ IDEA Community Edition 2021.3.3\bin;;C:\Users\HP\.dotnet\tools;C:\Users\HP\AppData\Roaming\npm;C:\Users\HP\AppData\Local\Programs\Microsoft VS Code\bin
USERNAME=HP
OS=Windows_NT
PROCESSOR_IDENTIFIER=Intel64 Family 6 Model 140 Stepping 1, GenuineIntel



---------------  S Y S T E M  ---------------

OS:
 Windows 11 , 64 bit Build 22621 (10.0.22621.963)
OS uptime: 0 days 1:25 hours
Hyper-V role detected

CPU: total 8 (initial active 8) (4 cores per cpu, 2 threads per core) family 6 model 140 stepping 1 microcode 0x9a, cx8, cmov, fxsr, ht, mmx, 3dnowpref, sse, sse2, sse3, ssse3, sse4.1, sse4.2, popcnt, lzcnt, tsc, tscinvbit, avx, avx2, aes, erms, clmul, bmi1, bmi2, adx, avx512f, avx512dq, avx512cd, avx512bw, avx512vl, sha, fma, vzeroupper, avx512_vpopcntdq, avx512_vpclmulqdq, avx512_vaes, avx512_vnni, clflush, clflushopt, clwb, avx512_vbmi2, avx512_vbmi, hv

Memory: 4k page, system-wide physical 7834M (642M free)
TotalPageFile size 25473M (AvailPageFile size 0M)
current process WorkingSet (physical memory assigned to process): 32M, peak: 32M
current process commit charge ("private bytes"): 201M, peak: 201M

vm_info: Java HotSpot(TM) 64-Bit Server VM (18.0.2.1+1-1) for windows-amd64 JRE (18.0.2.1+1-1), built on Aug 16 2022 01:46:33 by "mach5one" with MS VC++ 16.8 / 16.9 (VS2019)

END.
