#
# There is insufficient memory for the Java Runtime Environment to continue.
# Native memory allocation (malloc) failed to allocate 88096 bytes for Chunk::new
# Possible reasons:
#   The system is out of physical RAM or swap space
#   The process is running with CompressedOops enabled, and the Java Heap may be blocking the growth of the native heap
# Possible solutions:
#   Reduce memory load on the system
#   Increase physical memory or swap space
#   Check if swap backing store is full
#   Decrease Java heap size (-Xmx/-Xms)
#   Decrease number of Java threads
#   Decrease Java thread stack sizes (-Xss)
#   Set larger code cache with -XX:ReservedCodeCacheSize=
#   JVM is running with Unscaled Compressed Oops mode in which the Java heap is
#     placed in the first 4GB address space. The Java Heap base address is the
#     maximum limit for the native heap growth. Please use -XX:HeapBaseMinAddress
#     to set the Java Heap base and to place the Java Heap above 4GB virtual address.
# This output file may be truncated or incomplete.
#
#  Out of Memory Error (arena.cpp:184), pid=13144, tid=14528
#
# JRE version: Java(TM) SE Runtime Environment (18.0.2.1+1) (build 18.0.2.1+1-1)
# Java VM: Java HotSpot(TM) 64-Bit Server VM (18.0.2.1+1-1, mixed mode, sharing, tiered, compressed oops, compressed class ptrs, g1 gc, windows-amd64)
# No core dump will be written. Minidumps are not enabled by default on client versions of Windows
#

---------------  S U M M A R Y ------------

Command Line: -Dfile.encoding=UTF-8 --module-path=C:\Users\HP\Dropbox\PC\Documents\NetBeansProjects\Bank Management System\build\classes bank.management.system.Transactions

Host: 11th Gen Intel(R) Core(TM) i5-1135G7 @ 2.40GHz, 8 cores, 7G,  Windows 11 , 64 bit Build 22621 (10.0.22621.963)
Time: Thu Jan 12 11:57:23 2023 India Standard Time elapsed time: 0.578438 seconds (0d 0h 0m 0s)

---------------  T H R E A D  ---------------

Current thread (0x00000212d6d4ef30):  JavaThread "C2 CompilerThread1" daemon [_thread_in_native, id=14528, stack(0x000000977b900000,0x000000977ba00000)]


Current CompileTask:
C2:    578 1148   !   4       sun.nio.cs.UnicodeDecoder::decodeLoop (304 bytes)

Stack: [0x000000977b900000,0x000000977ba00000]
Native frames: (J=compiled Java code, j=interpreted, Vv=VM code, C=native code)
V  [jvm.dll+0x6993aa]
V  [jvm.dll+0x7f46dd]
V  [jvm.dll+0x7f5fee]
V  [jvm.dll+0x7f66a3]
V  [jvm.dll+0x25cf1f]
V  [jvm.dll+0xb8c2f]
V  [jvm.dll+0xb8fa5]
V  [jvm.dll+0x2c7e2f]
V  [jvm.dll+0x5a0d8e]
V  [jvm.dll+0x238453]
V  [jvm.dll+0x231c44]
V  [jvm.dll+0x22f3cb]
V  [jvm.dll+0x1ba01c]
V  [jvm.dll+0x23ee0a]
V  [jvm.dll+0x23d0f5]
V  [jvm.dll+0x7a6dd1]
V  [jvm.dll+0x7a120a]
V  [jvm.dll+0x698255]
C  [ucrtbase.dll+0x29363]
C  [KERNEL32.DLL+0x126bd]
C  [ntdll.dll+0x5dfb8]


---------------  P R O C E S S  ---------------

Threads class SMR info:
_java_thread_list=0x00000212f9f5f510, length=18, elements={
0x00000212f4c5a370, 0x00000212f4c5ac20, 0x00000212f4c7a280, 0x00000212f4c7ab30,
0x00000212f4c7b3e0, 0x00000212f4c7f190, 0x00000212f4c80580, 0x00000212f4c88e80,
0x00000212f4c8b780, 0x00000212f4c462e0, 0x00000212f9111980, 0x00000212d6d4ef30,
0x00000212f92323f0, 0x00000212f92328b0, 0x00000212f92b4590, 0x00000212f9316d90,
0x00000212f93c5430, 0x00000212d6d4e1c0
}

Java Threads: ( => current thread )
  0x00000212f4c5a370 JavaThread "Reference Handler" daemon [_thread_blocked, id=25548, stack(0x000000977ad00000,0x000000977ae00000)]
  0x00000212f4c5ac20 JavaThread "Finalizer" daemon [_thread_blocked, id=2716, stack(0x000000977ae00000,0x000000977af00000)]
  0x00000212f4c7a280 JavaThread "Signal Dispatcher" daemon [_thread_blocked, id=25056, stack(0x000000977af00000,0x000000977b000000)]
  0x00000212f4c7ab30 JavaThread "Attach Listener" daemon [_thread_blocked, id=24304, stack(0x000000977b000000,0x000000977b100000)]
  0x00000212f4c7b3e0 JavaThread "Service Thread" daemon [_thread_blocked, id=8388, stack(0x000000977b100000,0x000000977b200000)]
  0x00000212f4c7f190 JavaThread "Monitor Deflation Thread" daemon [_thread_blocked, id=5460, stack(0x000000977b200000,0x000000977b300000)]
  0x00000212f4c80580 JavaThread "C2 CompilerThread0" daemon [_thread_in_native, id=23308, stack(0x000000977b300000,0x000000977b400000)]
  0x00000212f4c88e80 JavaThread "C1 CompilerThread0" daemon [_thread_blocked, id=8864, stack(0x000000977b400000,0x000000977b500000)]
  0x00000212f4c8b780 JavaThread "Sweeper thread" daemon [_thread_blocked, id=23892, stack(0x000000977b500000,0x000000977b600000)]
  0x00000212f4c462e0 JavaThread "Common-Cleaner" daemon [_thread_blocked, id=23220, stack(0x000000977b600000,0x000000977b700000)]
  0x00000212f9111980 JavaThread "Notification Thread" daemon [_thread_blocked, id=24120, stack(0x000000977b700000,0x000000977b800000)]
=>0x00000212d6d4ef30 JavaThread "C2 CompilerThread1" daemon [_thread_in_native, id=14528, stack(0x000000977b900000,0x000000977ba00000)]
  0x00000212f92323f0 JavaThread "Java2D Disposer" daemon [_thread_blocked, id=18616, stack(0x000000977ba00000,0x000000977bb00000)]
  0x00000212f92328b0 JavaThread "AWT-Shutdown" [_thread_blocked, id=12524, stack(0x000000977bb00000,0x000000977bc00000)]
  0x00000212f92b4590 JavaThread "AWT-Windows" daemon [_thread_in_native, id=8100, stack(0x000000977bc00000,0x000000977bd00000)]
  0x00000212f9316d90 JavaThread "Image Fetcher 0" daemon [_thread_blocked, id=8648, stack(0x000000977bd00000,0x000000977be00000)]
  0x00000212f93c5430 JavaThread "AWT-EventQueue-0" [_thread_in_native, id=11800, stack(0x000000977be00000,0x000000977bf00000)]
  0x00000212d6d4e1c0 JavaThread "DestroyJavaVM" [_thread_blocked, id=24664, stack(0x000000977a600000,0x000000977a700000)]

Other Threads:
  0x00000212d6dc6340 VMThread "VM Thread" [stack: 0x000000977ac00000,0x000000977ad00000] [id=9612]
  0x00000212f9113e50 WatcherThread "VM Periodic Task Thread" [stack: 0x000000977b800000,0x000000977b900000] [id=24588]
  0x00000212d6dad400 WorkerThread "GC Thread#0" [stack: 0x000000977a700000,0x000000977a800000] [id=22932]
  0x00000212d6dbf650 ConcurrentGCThread "G1 Main Marker" [stack: 0x000000977a800000,0x000000977a900000] [id=13120]
  0x00000212d6dbffb0 WorkerThread "G1 Conc#0" [stack: 0x000000977a900000,0x000000977aa00000] [id=24672]
  0x00000212d6e0d880 ConcurrentGCThread "G1 Refine#0" [stack: 0x000000977aa00000,0x000000977ab00000] [id=24680]
  0x00000212d6e0e0a0 ConcurrentGCThread "G1 Service" [stack: 0x000000977ab00000,0x000000977ac00000] [id=24696]

Threads with active compile tasks:
C2 CompilerThread0      592 1132   !   4       sun.font.TrueTypeFont::getTableBuffer (215 bytes)
C2 CompilerThread1      592 1148   !   4       sun.nio.cs.UnicodeDecoder::decodeLoop (304 bytes)

VM state: not at safepoint (normal execution)

VM Mutex/Monitor currently owned by a thread: None

Heap address: 0x0000000085800000, size: 1960 MB, Compressed Oops mode: 32-bit

CDS archive(s) mapped at: [0x0000000800000000-0x0000000800ba0000-0x0000000800ba0000), size 12189696, SharedBaseAddress: 0x0000000800000000, ArchiveRelocationMode: 0.
Compressed class space mapped at: 0x0000000800c00000-0x0000000840c00000, reserved size: 1073741824
Narrow klass base: 0x0000000800000000, Narrow klass shift: 0, Narrow klass range: 0x100000000

GC Precious Log:
 CardTable entry size: 512
 Card Set container configuration: InlinePtr #cards 5 size 8 Array Of Cards #cards 12 size 40 Howl #buckets 4 coarsen threshold 1843 Howl Bitmap #cards 512 size 80 coarsen threshold 460 Card regions per heap region 1 cards per card region 2048
 CPUs: 8 total, 8 available
 Memory: 7834M
 Large Page Support: Disabled
 NUMA Support: Disabled
 Compressed Oops: Enabled (32-bit)
 Heap Region Size: 1M
 Heap Min Capacity: 8M
 Heap Initial Capacity: 124M
 Heap Max Capacity: 1960M
 Pre-touch: Disabled
 Parallel Workers: 8
 Concurrent Workers: 2
 Concurrent Refinement Workers: 8
 Periodic GC: Disabled

Heap:
 garbage-first heap   total 126976K, used 31744K [0x0000000085800000, 0x0000000100000000)
  region size 1024K, 21 young (21504K), 0 survivors (0K)
 Metaspace       used 6915K, committed 7104K, reserved 1114112K
  class space    used 715K, committed 832K, reserved 1048576K

Heap Regions: E=young(eden), S=young(survivor), O=old, HS=humongous(starts), HC=humongous(continues), CS=collection set, F=free, OA=open archive, CA=closed archive, TAMS=top-at-mark-start (previous, next)
|   0|0x0000000085800000, 0x0000000085900000, 0x0000000085900000|100%|HS|  |TAMS 0x0000000085800000, 0x0000000085800000| Complete 
|   1|0x0000000085900000, 0x0000000085a00000, 0x0000000085a00000|100%|HC|  |TAMS 0x0000000085900000, 0x0000000085900000| Complete 
|   2|0x0000000085a00000, 0x0000000085b00000, 0x0000000085b00000|100%|HS|  |TAMS 0x0000000085a00000, 0x0000000085a00000| Complete 
|   3|0x0000000085b00000, 0x0000000085c00000, 0x0000000085c00000|100%|HC|  |TAMS 0x0000000085b00000, 0x0000000085b00000| Complete 
|   4|0x0000000085c00000, 0x0000000085d00000, 0x0000000085d00000|100%|HC|  |TAMS 0x0000000085c00000, 0x0000000085c00000| Complete 
|   5|0x0000000085d00000, 0x0000000085e00000, 0x0000000085e00000|100%|HC|  |TAMS 0x0000000085d00000, 0x0000000085d00000| Complete 
|   6|0x0000000085e00000, 0x0000000085f00000, 0x0000000085f00000|100%|HS|  |TAMS 0x0000000085e00000, 0x0000000085e00000| Complete 
|   7|0x0000000085f00000, 0x0000000086000000, 0x0000000086000000|100%|HC|  |TAMS 0x0000000085f00000, 0x0000000085f00000| Complete 
|   8|0x0000000086000000, 0x0000000086100000, 0x0000000086100000|100%|HC|  |TAMS 0x0000000086000000, 0x0000000086000000| Complete 
|   9|0x0000000086100000, 0x0000000086200000, 0x0000000086200000|100%|HC|  |TAMS 0x0000000086100000, 0x0000000086100000| Complete 
|  10|0x0000000086200000, 0x0000000086300000, 0x0000000086300000|100%|HC|  |TAMS 0x0000000086200000, 0x0000000086200000| Complete 
|  11|0x0000000086300000, 0x0000000086300000, 0x0000000086400000|  0%| F|  |TAMS 0x0000000086300000, 0x0000000086300000| Untracked 
|  12|0x0000000086400000, 0x0000000086400000, 0x0000000086500000|  0%| F|  |TAMS 0x0000000086400000, 0x0000000086400000| Untracked 
|  13|0x0000000086500000, 0x0000000086500000, 0x0000000086600000|  0%| F|  |TAMS 0x0000000086500000, 0x0000000086500000| Untracked 
|  14|0x0000000086600000, 0x0000000086600000, 0x0000000086700000|  0%| F|  |TAMS 0x0000000086600000, 0x0000000086600000| Untracked 
|  15|0x0000000086700000, 0x0000000086700000, 0x0000000086800000|  0%| F|  |TAMS 0x0000000086700000, 0x0000000086700000| Untracked 
|  16|0x0000000086800000, 0x0000000086800000, 0x0000000086900000|  0%| F|  |TAMS 0x0000000086800000, 0x0000000086800000| Untracked 
|  17|0x0000000086900000, 0x0000000086900000, 0x0000000086a00000|  0%| F|  |TAMS 0x0000000086900000, 0x0000000086900000| Untracked 
|  18|0x0000000086a00000, 0x0000000086a00000, 0x0000000086b00000|  0%| F|  |TAMS 0x0000000086a00000, 0x0000000086a00000| Untracked 
|  19|0x0000000086b00000, 0x0000000086b00000, 0x0000000086c00000|  0%| F|  |TAMS 0x0000000086b00000, 0x0000000086b00000| Untracked 
|  20|0x0000000086c00000, 0x0000000086c00000, 0x0000000086d00000|  0%| F|  |TAMS 0x0000000086c00000, 0x0000000086c00000| Untracked 
|  21|0x0000000086d00000, 0x0000000086d00000, 0x0000000086e00000|  0%| F|  |TAMS 0x0000000086d00000, 0x0000000086d00000| Untracked 
|  22|0x0000000086e00000, 0x0000000086e00000, 0x0000000086f00000|  0%| F|  |TAMS 0x0000000086e00000, 0x0000000086e00000| Untracked 
|  23|0x0000000086f00000, 0x0000000086f00000, 0x0000000087000000|  0%| F|  |TAMS 0x0000000086f00000, 0x0000000086f00000| Untracked 
|  24|0x0000000087000000, 0x0000000087000000, 0x0000000087100000|  0%| F|  |TAMS 0x0000000087000000, 0x0000000087000000| Untracked 
|  25|0x0000000087100000, 0x0000000087100000, 0x0000000087200000|  0%| F|  |TAMS 0x0000000087100000, 0x0000000087100000| Untracked 
|  26|0x0000000087200000, 0x0000000087200000, 0x0000000087300000|  0%| F|  |TAMS 0x0000000087200000, 0x0000000087200000| Untracked 
|  27|0x0000000087300000, 0x0000000087300000, 0x0000000087400000|  0%| F|  |TAMS 0x0000000087300000, 0x0000000087300000| Untracked 
|  28|0x0000000087400000, 0x0000000087400000, 0x0000000087500000|  0%| F|  |TAMS 0x0000000087400000, 0x0000000087400000| Untracked 
|  29|0x0000000087500000, 0x0000000087500000, 0x0000000087600000|  0%| F|  |TAMS 0x0000000087500000, 0x0000000087500000| Untracked 
|  30|0x0000000087600000, 0x0000000087600000, 0x0000000087700000|  0%| F|  |TAMS 0x0000000087600000, 0x0000000087600000| Untracked 
|  31|0x0000000087700000, 0x0000000087700000, 0x0000000087800000|  0%| F|  |TAMS 0x0000000087700000, 0x0000000087700000| Untracked 
|  32|0x0000000087800000, 0x0000000087800000, 0x0000000087900000|  0%| F|  |TAMS 0x0000000087800000, 0x0000000087800000| Untracked 
|  33|0x0000000087900000, 0x0000000087900000, 0x0000000087a00000|  0%| F|  |TAMS 0x0000000087900000, 0x0000000087900000| Untracked 
|  34|0x0000000087a00000, 0x0000000087a00000, 0x0000000087b00000|  0%| F|  |TAMS 0x0000000087a00000, 0x0000000087a00000| Untracked 
|  35|0x0000000087b00000, 0x0000000087b00000, 0x0000000087c00000|  0%| F|  |TAMS 0x0000000087b00000, 0x0000000087b00000| Untracked 
|  36|0x0000000087c00000, 0x0000000087c00000, 0x0000000087d00000|  0%| F|  |TAMS 0x0000000087c00000, 0x0000000087c00000| Untracked 
|  37|0x0000000087d00000, 0x0000000087d00000, 0x0000000087e00000|  0%| F|  |TAMS 0x0000000087d00000, 0x0000000087d00000| Untracked 
|  38|0x0000000087e00000, 0x0000000087e00000, 0x0000000087f00000|  0%| F|  |TAMS 0x0000000087e00000, 0x0000000087e00000| Untracked 
|  39|0x0000000087f00000, 0x0000000087f00000, 0x0000000088000000|  0%| F|  |TAMS 0x0000000087f00000, 0x0000000087f00000| Untracked 
|  40|0x0000000088000000, 0x0000000088000000, 0x0000000088100000|  0%| F|  |TAMS 0x0000000088000000, 0x0000000088000000| Untracked 
|  41|0x0000000088100000, 0x0000000088100000, 0x0000000088200000|  0%| F|  |TAMS 0x0000000088100000, 0x0000000088100000| Untracked 
|  42|0x0000000088200000, 0x0000000088200000, 0x0000000088300000|  0%| F|  |TAMS 0x0000000088200000, 0x0000000088200000| Untracked 
|  43|0x0000000088300000, 0x0000000088300000, 0x0000000088400000|  0%| F|  |TAMS 0x0000000088300000, 0x0000000088300000| Untracked 
|  44|0x0000000088400000, 0x0000000088400000, 0x0000000088500000|  0%| F|  |TAMS 0x0000000088400000, 0x0000000088400000| Untracked 
|  45|0x0000000088500000, 0x0000000088500000, 0x0000000088600000|  0%| F|  |TAMS 0x0000000088500000, 0x0000000088500000| Untracked 
|  46|0x0000000088600000, 0x0000000088600000, 0x0000000088700000|  0%| F|  |TAMS 0x0000000088600000, 0x0000000088600000| Untracked 
|  47|0x0000000088700000, 0x0000000088700000, 0x0000000088800000|  0%| F|  |TAMS 0x0000000088700000, 0x0000000088700000| Untracked 
|  48|0x0000000088800000, 0x0000000088800000, 0x0000000088900000|  0%| F|  |TAMS 0x0000000088800000, 0x0000000088800000| Untracked 
|  49|0x0000000088900000, 0x0000000088900000, 0x0000000088a00000|  0%| F|  |TAMS 0x0000000088900000, 0x0000000088900000| Untracked 
|  50|0x0000000088a00000, 0x0000000088a00000, 0x0000000088b00000|  0%| F|  |TAMS 0x0000000088a00000, 0x0000000088a00000| Untracked 
|  51|0x0000000088b00000, 0x0000000088b00000, 0x0000000088c00000|  0%| F|  |TAMS 0x0000000088b00000, 0x0000000088b00000| Untracked 
|  52|0x0000000088c00000, 0x0000000088c00000, 0x0000000088d00000|  0%| F|  |TAMS 0x0000000088c00000, 0x0000000088c00000| Untracked 
|  53|0x0000000088d00000, 0x0000000088d00000, 0x0000000088e00000|  0%| F|  |TAMS 0x0000000088d00000, 0x0000000088d00000| Untracked 
|  54|0x0000000088e00000, 0x0000000088e00000, 0x0000000088f00000|  0%| F|  |TAMS 0x0000000088e00000, 0x0000000088e00000| Untracked 
|  55|0x0000000088f00000, 0x0000000088f00000, 0x0000000089000000|  0%| F|  |TAMS 0x0000000088f00000, 0x0000000088f00000| Untracked 
|  56|0x0000000089000000, 0x0000000089000000, 0x0000000089100000|  0%| F|  |TAMS 0x0000000089000000, 0x0000000089000000| Untracked 
|  57|0x0000000089100000, 0x0000000089100000, 0x0000000089200000|  0%| F|  |TAMS 0x0000000089100000, 0x0000000089100000| Untracked 
|  58|0x0000000089200000, 0x0000000089200000, 0x0000000089300000|  0%| F|  |TAMS 0x0000000089200000, 0x0000000089200000| Untracked 
|  59|0x0000000089300000, 0x0000000089300000, 0x0000000089400000|  0%| F|  |TAMS 0x0000000089300000, 0x0000000089300000| Untracked 
|  60|0x0000000089400000, 0x0000000089400000, 0x0000000089500000|  0%| F|  |TAMS 0x0000000089400000, 0x0000000089400000| Untracked 
|  61|0x0000000089500000, 0x0000000089500000, 0x0000000089600000|  0%| F|  |TAMS 0x0000000089500000, 0x0000000089500000| Untracked 
|  62|0x0000000089600000, 0x0000000089600000, 0x0000000089700000|  0%| F|  |TAMS 0x0000000089600000, 0x0000000089600000| Untracked 
|  63|0x0000000089700000, 0x0000000089700000, 0x0000000089800000|  0%| F|  |TAMS 0x0000000089700000, 0x0000000089700000| Untracked 
|  64|0x0000000089800000, 0x0000000089800000, 0x0000000089900000|  0%| F|  |TAMS 0x0000000089800000, 0x0000000089800000| Untracked 
|  65|0x0000000089900000, 0x0000000089900000, 0x0000000089a00000|  0%| F|  |TAMS 0x0000000089900000, 0x0000000089900000| Untracked 
|  66|0x0000000089a00000, 0x0000000089a00000, 0x0000000089b00000|  0%| F|  |TAMS 0x0000000089a00000, 0x0000000089a00000| Untracked 
|  67|0x0000000089b00000, 0x0000000089b00000, 0x0000000089c00000|  0%| F|  |TAMS 0x0000000089b00000, 0x0000000089b00000| Untracked 
|  68|0x0000000089c00000, 0x0000000089c00000, 0x0000000089d00000|  0%| F|  |TAMS 0x0000000089c00000, 0x0000000089c00000| Untracked 
|  69|0x0000000089d00000, 0x0000000089d00000, 0x0000000089e00000|  0%| F|  |TAMS 0x0000000089d00000, 0x0000000089d00000| Untracked 
|  70|0x0000000089e00000, 0x0000000089e00000, 0x0000000089f00000|  0%| F|  |TAMS 0x0000000089e00000, 0x0000000089e00000| Untracked 
|  71|0x0000000089f00000, 0x0000000089f00000, 0x000000008a000000|  0%| F|  |TAMS 0x0000000089f00000, 0x0000000089f00000| Untracked 
|  72|0x000000008a000000, 0x000000008a000000, 0x000000008a100000|  0%| F|  |TAMS 0x000000008a000000, 0x000000008a000000| Untracked 
|  73|0x000000008a100000, 0x000000008a100000, 0x000000008a200000|  0%| F|  |TAMS 0x000000008a100000, 0x000000008a100000| Untracked 
|  74|0x000000008a200000, 0x000000008a200000, 0x000000008a300000|  0%| F|  |TAMS 0x000000008a200000, 0x000000008a200000| Untracked 
|  75|0x000000008a300000, 0x000000008a300000, 0x000000008a400000|  0%| F|  |TAMS 0x000000008a300000, 0x000000008a300000| Untracked 
|  76|0x000000008a400000, 0x000000008a400000, 0x000000008a500000|  0%| F|  |TAMS 0x000000008a400000, 0x000000008a400000| Untracked 
|  77|0x000000008a500000, 0x000000008a500000, 0x000000008a600000|  0%| F|  |TAMS 0x000000008a500000, 0x000000008a500000| Untracked 
|  78|0x000000008a600000, 0x000000008a600000, 0x000000008a700000|  0%| F|  |TAMS 0x000000008a600000, 0x000000008a600000| Untracked 
|  79|0x000000008a700000, 0x000000008a700000, 0x000000008a800000|  0%| F|  |TAMS 0x000000008a700000, 0x000000008a700000| Untracked 
|  80|0x000000008a800000, 0x000000008a800000, 0x000000008a900000|  0%| F|  |TAMS 0x000000008a800000, 0x000000008a800000| Untracked 
|  81|0x000000008a900000, 0x000000008a900000, 0x000000008aa00000|  0%| F|  |TAMS 0x000000008a900000, 0x000000008a900000| Untracked 
|  82|0x000000008aa00000, 0x000000008aa00000, 0x000000008ab00000|  0%| F|  |TAMS 0x000000008aa00000, 0x000000008aa00000| Untracked 
|  83|0x000000008ab00000, 0x000000008ab00000, 0x000000008ac00000|  0%| F|  |TAMS 0x000000008ab00000, 0x000000008ab00000| Untracked 
|  84|0x000000008ac00000, 0x000000008ac00000, 0x000000008ad00000|  0%| F|  |TAMS 0x000000008ac00000, 0x000000008ac00000| Untracked 
|  85|0x000000008ad00000, 0x000000008ad00000, 0x000000008ae00000|  0%| F|  |TAMS 0x000000008ad00000, 0x000000008ad00000| Untracked 
|  86|0x000000008ae00000, 0x000000008ae00000, 0x000000008af00000|  0%| F|  |TAMS 0x000000008ae00000, 0x000000008ae00000| Untracked 
|  87|0x000000008af00000, 0x000000008af00000, 0x000000008b000000|  0%| F|  |TAMS 0x000000008af00000, 0x000000008af00000| Untracked 
|  88|0x000000008b000000, 0x000000008b000000, 0x000000008b100000|  0%| F|  |TAMS 0x000000008b000000, 0x000000008b000000| Untracked 
|  89|0x000000008b100000, 0x000000008b100000, 0x000000008b200000|  0%| F|  |TAMS 0x000000008b100000, 0x000000008b100000| Untracked 
|  90|0x000000008b200000, 0x000000008b200000, 0x000000008b300000|  0%| F|  |TAMS 0x000000008b200000, 0x000000008b200000| Untracked 
|  91|0x000000008b300000, 0x000000008b300000, 0x000000008b400000|  0%| F|  |TAMS 0x000000008b300000, 0x000000008b300000| Untracked 
|  92|0x000000008b400000, 0x000000008b400000, 0x000000008b500000|  0%| F|  |TAMS 0x000000008b400000, 0x000000008b400000| Untracked 
|  93|0x000000008b500000, 0x000000008b500000, 0x000000008b600000|  0%| F|  |TAMS 0x000000008b500000, 0x000000008b500000| Untracked 
|  94|0x000000008b600000, 0x000000008b600000, 0x000000008b700000|  0%| F|  |TAMS 0x000000008b600000, 0x000000008b600000| Untracked 
|  95|0x000000008b700000, 0x000000008b700000, 0x000000008b800000|  0%| F|  |TAMS 0x000000008b700000, 0x000000008b700000| Untracked 
|  96|0x000000008b800000, 0x000000008b800000, 0x000000008b900000|  0%| F|  |TAMS 0x000000008b800000, 0x000000008b800000| Untracked 
|  97|0x000000008b900000, 0x000000008b900000, 0x000000008ba00000|  0%| F|  |TAMS 0x000000008b900000, 0x000000008b900000| Untracked 
|  98|0x000000008ba00000, 0x000000008ba00000, 0x000000008bb00000|  0%| F|  |TAMS 0x000000008ba00000, 0x000000008ba00000| Untracked 
|  99|0x000000008bb00000, 0x000000008bb00000, 0x000000008bc00000|  0%| F|  |TAMS 0x000000008bb00000, 0x000000008bb00000| Untracked 
| 100|0x000000008bc00000, 0x000000008bc00000, 0x000000008bd00000|  0%| F|  |TAMS 0x000000008bc00000, 0x000000008bc00000| Untracked 
| 101|0x000000008bd00000, 0x000000008bd00000, 0x000000008be00000|  0%| F|  |TAMS 0x000000008bd00000, 0x000000008bd00000| Untracked 
| 102|0x000000008be00000, 0x000000008be779b0, 0x000000008bf00000| 46%| E|  |TAMS 0x000000008be00000, 0x000000008be00000| Complete 
| 103|0x000000008bf00000, 0x000000008c000000, 0x000000008c000000|100%| E|CS|TAMS 0x000000008bf00000, 0x000000008bf00000| Complete 
| 104|0x000000008c000000, 0x000000008c100000, 0x000000008c100000|100%| E|CS|TAMS 0x000000008c000000, 0x000000008c000000| Complete 
| 105|0x000000008c100000, 0x000000008c200000, 0x000000008c200000|100%| E|CS|TAMS 0x000000008c100000, 0x000000008c100000| Complete 
| 106|0x000000008c200000, 0x000000008c300000, 0x000000008c300000|100%| E|CS|TAMS 0x000000008c200000, 0x000000008c200000| Complete 
| 107|0x000000008c300000, 0x000000008c400000, 0x000000008c400000|100%| E|CS|TAMS 0x000000008c300000, 0x000000008c300000| Complete 
| 108|0x000000008c400000, 0x000000008c500000, 0x000000008c500000|100%| E|CS|TAMS 0x000000008c400000, 0x000000008c400000| Complete 
| 109|0x000000008c500000, 0x000000008c600000, 0x000000008c600000|100%| E|CS|TAMS 0x000000008c500000, 0x000000008c500000| Complete 
| 110|0x000000008c600000, 0x000000008c700000, 0x000000008c700000|100%| E|CS|TAMS 0x000000008c600000, 0x000000008c600000| Complete 
| 111|0x000000008c700000, 0x000000008c800000, 0x000000008c800000|100%| E|CS|TAMS 0x000000008c700000, 0x000000008c700000| Complete 
| 112|0x000000008c800000, 0x000000008c900000, 0x000000008c900000|100%| E|CS|TAMS 0x000000008c800000, 0x000000008c800000| Complete 
| 113|0x000000008c900000, 0x000000008ca00000, 0x000000008ca00000|100%| E|CS|TAMS 0x000000008c900000, 0x000000008c900000| Complete 
| 114|0x000000008ca00000, 0x000000008cb00000, 0x000000008cb00000|100%| E|CS|TAMS 0x000000008ca00000, 0x000000008ca00000| Complete 
| 115|0x000000008cb00000, 0x000000008cc00000, 0x000000008cc00000|100%| E|CS|TAMS 0x000000008cb00000, 0x000000008cb00000| Complete 
| 116|0x000000008cc00000, 0x000000008cd00000, 0x000000008cd00000|100%| E|CS|TAMS 0x000000008cc00000, 0x000000008cc00000| Complete 
| 117|0x000000008cd00000, 0x000000008ce00000, 0x000000008ce00000|100%| E|CS|TAMS 0x000000008cd00000, 0x000000008cd00000| Complete 
| 118|0x000000008ce00000, 0x000000008cf00000, 0x000000008cf00000|100%| E|CS|TAMS 0x000000008ce00000, 0x000000008ce00000| Complete 
| 119|0x000000008cf00000, 0x000000008d000000, 0x000000008d000000|100%| E|CS|TAMS 0x000000008cf00000, 0x000000008cf00000| Complete 
| 120|0x000000008d000000, 0x000000008d100000, 0x000000008d100000|100%| E|CS|TAMS 0x000000008d000000, 0x000000008d000000| Complete 
| 121|0x000000008d100000, 0x000000008d200000, 0x000000008d200000|100%| E|CS|TAMS 0x000000008d100000, 0x000000008d100000| Complete 
| 122|0x000000008d200000, 0x000000008d300000, 0x000000008d300000|100%| E|CS|TAMS 0x000000008d200000, 0x000000008d200000| Complete 
| 123|0x000000008d300000, 0x000000008d400000, 0x000000008d400000|100%| E|CS|TAMS 0x000000008d300000, 0x000000008d300000| Complete 

Card table byte_map: [0x00000212edd90000,0x00000212ee170000] _byte_map_base: 0x00000212ed964000

Marking Bits (Prev, Next): (CMBitMap*) 0x00000212d6daf820, (CMBitMap*) 0x00000212d6daf860
 Prev Bits: [0x00000212ee550000, 0x00000212f03f0000)
 Next Bits: [0x00000212f03f0000, 0x00000212f2290000)

Polling page: 0x00000212d4d10000

Metaspace:

Usage:
  Non-class:      6.05 MB used.
      Class:    715.93 KB used.
       Both:      6.75 MB used.

Virtual space:
  Non-class space:       64.00 MB reserved,       6.12 MB ( 10%) committed,  1 nodes.
      Class space:        1.00 GB reserved,     832.00 KB ( <1%) committed,  1 nodes.
             Both:        1.06 GB reserved,       6.94 MB ( <1%) committed. 

Chunk freelists:
   Non-Class:  1.00 MB
       Class:  3.24 MB
        Both:  4.24 MB

MaxMetaspaceSize: unlimited
CompressedClassSpaceSize: 1.00 GB
Initial GC threshold: 21.00 MB
Current GC threshold: 21.00 MB
CDS: on
MetaspaceReclaimPolicy: balanced
 - commit_granule_bytes: 65536.
 - commit_granule_words: 8192.
 - virtual_space_node_default_size: 8388608.
 - enlarge_chunks_in_place: 1.
 - new_chunks_are_fully_committed: 0.
 - uncommit_free_chunks: 1.
 - use_allocation_guard: 0.


Internal statistics:

num_allocs_failed_limit: 0.
num_arena_births: 126.
num_arena_deaths: 0.
num_vsnodes_births: 2.
num_vsnodes_deaths: 0.
num_space_committed: 111.
num_space_uncommitted: 0.
num_chunks_returned_to_freelist: 0.
num_chunks_taken_from_freelist: 181.
num_chunk_merges: 0.
num_chunk_splits: 94.
num_chunks_enlarged: 22.
num_inconsistent_stats: 0.

CodeHeap 'non-profiled nmethods': size=120000Kb used=333Kb max_used=333Kb free=119666Kb
 bounds [0x00000212e6150000, 0x00000212e63c0000, 0x00000212ed680000]
CodeHeap 'profiled nmethods': size=120000Kb used=1887Kb max_used=1887Kb free=118112Kb
 bounds [0x00000212dec20000, 0x00000212dee90000, 0x00000212e6150000]
CodeHeap 'non-nmethods': size=5760Kb used=1286Kb max_used=1314Kb free=4473Kb
 bounds [0x00000212de680000, 0x00000212de8f0000, 0x00000212dec20000]
 total_blobs=1739 nmethods=1150 adapters=502
 compilation: enabled
              stopped_count=0, restarted_count=0
 full_count=0

Compilation events (20 events):
Event: 0.563 Thread 0x00000212d6d4ef30 1140       4       sun.nio.cs.UnicodeDecoder::decode (24 bytes)
Event: 0.563 Thread 0x00000212f4c88e80 nmethod 1138 0x00000212dedf0810 code [0x00000212dedf09a0, 0x00000212dedf0b58]
Event: 0.563 Thread 0x00000212f4c88e80 1139   !   3       sun.nio.cs.UnicodeDecoder::decodeLoop (304 bytes)
Event: 0.563 Thread 0x00000212d6d4ef30 nmethod 1140 0x00000212e61a2310 code [0x00000212e61a2480, 0x00000212e61a2538]
Event: 0.563 Thread 0x00000212d6d4ef30 1142       4       java.nio.Buffer::remaining (20 bytes)
Event: 0.563 Thread 0x00000212d6d4ef30 nmethod 1142 0x00000212e61a2610 code [0x00000212e61a2780, 0x00000212e61a2818]
Event: 0.563 Thread 0x00000212d6d4ef30 1141       4       java.nio.Buffer::hasRemaining (17 bytes)
Event: 0.564 Thread 0x00000212d6d4ef30 nmethod 1141 0x00000212e61a2910 code [0x00000212e61a2a80, 0x00000212e61a2b18]
Event: 0.564 Thread 0x00000212f4c88e80 nmethod 1139 0x00000212dedf0c90 code [0x00000212dedf1000, 0x00000212dedf2a78]
Event: 0.564 Thread 0x00000212d6d4ef30 1143       4       java.nio.ByteBuffer::<init> (47 bytes)
Event: 0.567 Thread 0x00000212d6d4ef30 nmethod 1143 0x00000212e61a2c10 code [0x00000212e61a2da0, 0x00000212e61a3078]
Event: 0.567 Thread 0x00000212d6d4ef30 1144       4       java.nio.ByteBuffer::position (6 bytes)
Event: 0.568 Thread 0x00000212d6d4ef30 nmethod 1144 0x00000212e61a3210 code [0x00000212e61a33a0, 0x00000212e61a3498]
Event: 0.569 Thread 0x00000212f4c88e80 1145       3       java.util.HashMap::prepareArray (38 bytes)
Event: 0.569 Thread 0x00000212f4c88e80 nmethod 1145 0x00000212dedf3210 code [0x00000212dedf3400, 0x00000212dedf3a18]
Event: 0.570 Thread 0x00000212f4c88e80 1146       3       java.util.HashSet::toArray (16 bytes)
Event: 0.570 Thread 0x00000212f4c88e80 nmethod 1146 0x00000212dedf3c10 code [0x00000212dedf3dc0, 0x00000212dedf3fd8]
Event: 0.574 Thread 0x00000212f4c88e80 1147       3       java.lang.StringUTF16::newBytesFor (61 bytes)
Event: 0.575 Thread 0x00000212d6d4ef30 1148   !   4       sun.nio.cs.UnicodeDecoder::decodeLoop (304 bytes)
Event: 0.575 Thread 0x00000212f4c88e80 nmethod 1147 0x00000212dedf4090 code [0x00000212dedf4300, 0x00000212dedf4be8]

GC Heap History (0 events):
No events

Deoptimization events (20 events):
Event: 0.382 Thread 0x00000212f93c5430 Uncommon trap: trap_request=0xffffffde fr.pc=0x00000212e617d44c relative=0x000000000000028c
Event: 0.382 Thread 0x00000212f93c5430 Uncommon trap: reason=class_check action=maybe_recompile pc=0x00000212e617d44c method=java.util.HashMap.getNode(Ljava/lang/Object;)Ljava/util/HashMap$Node; @ 63 c2
Event: 0.382 Thread 0x00000212f93c5430 DEOPT PACKING pc=0x00000212e617d44c sp=0x000000977befd1a0
Event: 0.382 Thread 0x00000212f93c5430 DEOPT UNPACKING pc=0x00000212de6d5c23 sp=0x000000977befd108 mode 2
Event: 0.399 Thread 0x00000212f93c5430 Uncommon trap: trap_request=0xffffff45 fr.pc=0x00000212e615a434 relative=0x0000000000000094
Event: 0.399 Thread 0x00000212f93c5430 Uncommon trap: reason=unstable_if action=reinterpret pc=0x00000212e615a434 method=java.lang.String.isLatin1()Z @ 10 c2
Event: 0.399 Thread 0x00000212f93c5430 DEOPT PACKING pc=0x00000212e615a434 sp=0x000000977befc4a0
Event: 0.399 Thread 0x00000212f93c5430 DEOPT UNPACKING pc=0x00000212de6d5c23 sp=0x000000977befc3d0 mode 2
Event: 0.403 Thread 0x00000212f93c5430 Uncommon trap: trap_request=0xffffff45 fr.pc=0x00000212e616008c relative=0x000000000000018c
Event: 0.403 Thread 0x00000212f93c5430 Uncommon trap: reason=unstable_if action=reinterpret pc=0x00000212e616008c method=java.lang.String.equals(Ljava/lang/Object;)Z @ 33 c2
Event: 0.403 Thread 0x00000212f93c5430 DEOPT PACKING pc=0x00000212e616008c sp=0x000000977befceb0
Event: 0.403 Thread 0x00000212f93c5430 DEOPT UNPACKING pc=0x00000212de6d5c23 sp=0x000000977befce50 mode 2
Event: 0.409 Thread 0x00000212f93c5430 Uncommon trap: trap_request=0xffffff45 fr.pc=0x00000212e618e82c relative=0x00000000000004ec
Event: 0.409 Thread 0x00000212f93c5430 Uncommon trap: reason=unstable_if action=reinterpret pc=0x00000212e618e82c method=java.lang.StringLatin1.toLowerCase(Ljava/lang/String;[BLjava/util/Locale;)Ljava/lang/String; @ 43 c2
Event: 0.409 Thread 0x00000212f93c5430 DEOPT PACKING pc=0x00000212e618e82c sp=0x000000977befcdf0
Event: 0.409 Thread 0x00000212f93c5430 DEOPT UNPACKING pc=0x00000212de6d5c23 sp=0x000000977befcd60 mode 2
Event: 0.562 Thread 0x00000212f93c5430 Uncommon trap: trap_request=0xffffff45 fr.pc=0x00000212e61a1630 relative=0x00000000000003f0
Event: 0.562 Thread 0x00000212f93c5430 Uncommon trap: reason=unstable_if action=reinterpret pc=0x00000212e61a1630 method=java.lang.Character.isSurrogate(C)Z @ 3 c2
Event: 0.562 Thread 0x00000212f93c5430 DEOPT PACKING pc=0x00000212e61a1630 sp=0x000000977befc8d0
Event: 0.562 Thread 0x00000212f93c5430 DEOPT UNPACKING pc=0x00000212de6d5c23 sp=0x000000977befc7e8 mode 2

Classes loaded (20 events):
Event: 0.377 Loading class sun/java2d/loops/FontInfo
Event: 0.377 Loading class sun/java2d/loops/FontInfo done
Event: 0.389 Loading class sun/font/StandardGlyphVector
Event: 0.389 Loading class java/awt/font/GlyphVector
Event: 0.389 Loading class java/awt/font/GlyphVector done
Event: 0.389 Loading class sun/font/StandardGlyphVector done
Event: 0.389 Loading class sun/font/FontSubstitution
Event: 0.389 Loading class sun/font/FontSubstitution done
Event: 0.389 Loading class sun/font/StandardGlyphVector$GlyphStrike
Event: 0.389 Loading class sun/font/StandardGlyphVector$GlyphStrike done
Event: 0.392 Loading class sun/font/SunFontManager$FamilyDescription
Event: 0.392 Loading class sun/font/SunFontManager$FamilyDescription done
Event: 0.410 Loading class sun/font/SunFontManager$3
Event: 0.410 Loading class sun/font/SunFontManager$3 done
Event: 0.426 Loading class sun/font/SunFontManager$8
Event: 0.427 Loading class sun/font/SunFontManager$8 done
Event: 0.427 Loading class sun/font/SunFontManager$9
Event: 0.427 Loading class sun/font/SunFontManager$9 done
Event: 0.534 Loading class jdk/internal/access/foreign/MemorySegmentProxy
Event: 0.534 Loading class jdk/internal/access/foreign/MemorySegmentProxy done

Classes unloaded (0 events):
No events

Classes redefined (0 events):
No events

Internal exceptions (17 events):
Event: 0.058 Thread 0x00000212d6d4e1c0 Exception <a 'sun/nio/fs/WindowsException'{0x000000008d236670}> (0x000000008d236670) 
thrown [s\open\src\hotspot\share\prims\jni.cpp, line 516]
Event: 0.058 Thread 0x00000212d6d4e1c0 Exception <a 'sun/nio/fs/WindowsException'{0x000000008d236c18}> (0x000000008d236c18) 
thrown [s\open\src\hotspot\share\prims\jni.cpp, line 516]
Event: 0.059 Thread 0x00000212d6d4e1c0 Exception <a 'sun/nio/fs/WindowsException'{0x000000008d2395b8}> (0x000000008d2395b8) 
thrown [s\open\src\hotspot\share\prims\jni.cpp, line 516]
Event: 0.059 Thread 0x00000212d6d4e1c0 Exception <a 'sun/nio/fs/WindowsException'{0x000000008d23a118}> (0x000000008d23a118) 
thrown [s\open\src\hotspot\share\prims\jni.cpp, line 516]
Event: 0.091 Thread 0x00000212d6d4e1c0 Exception <a 'java/lang/ClassNotFoundException'{0x000000008d101738}: sun/awt/resources/spi/awtProvider> (0x000000008d101738) 
thrown [s\open\src\hotspot\share\classfile\systemDictionary.cpp, line 255]
Event: 0.106 Thread 0x00000212d6d4e1c0 Exception <a 'java/io/FileNotFoundException'{0x000000008d154f58}> (0x000000008d154f58) 
thrown [s\open\src\hotspot\share\prims\jni.cpp, line 516]
Event: 0.111 Thread 0x00000212d6d4e1c0 Exception <a 'java/io/FileNotFoundException'{0x000000008d182340}> (0x000000008d182340) 
thrown [s\open\src\hotspot\share\prims\jni.cpp, line 516]
Event: 0.140 Thread 0x00000212d6d4e1c0 Exception <a 'java/lang/NoSuchMethodError'{0x000000008d1c68b0}: 'java.lang.Object java.lang.invoke.DirectMethodHandle$Holder.invokeStaticInit(java.lang.Object)'> (0x000000008d1c68b0) 
thrown [s\open\src\hotspot\share\interpreter\linkResolver.cpp, line 759]
Event: 0.170 Thread 0x00000212d6d4e1c0 Exception <a 'java/lang/NoSuchMethodError'{0x000000008d09a628}: 'void java.lang.invoke.DirectMethodHandle$Holder.invokeSpecial(java.lang.Object, java.lang.Object, java.lang.Object)'> (0x000000008d09a628) 
thrown [s\open\src\hotspot\share\interpreter\linkResolver.cpp, line 759]
Event: 0.176 Thread 0x00000212d6d4e1c0 Exception <a 'java/lang/NoSuchMethodError'{0x000000008d0c56b8}: 'java.lang.Object java.lang.invoke.DirectMethodHandle$Holder.newInvokeSpecial(java.lang.Object, java.lang.Object, java.lang.Object, java.lang.Object, java.lang.Object)'> (0x000000008d0c56b8) 
thrown [s\open\src\hotspot\share\interpreter\linkResolver.cpp, line 759]
Event: 0.181 Thread 0x00000212d6d4e1c0 Exception <a 'java/lang/NoSuchMethodError'{0x000000008d0f7498}: 'java.lang.Object java.lang.invoke.DirectMethodHandle$Holder.invokeStatic(java.lang.Object, int, java.lang.Object)'> (0x000000008d0f7498) 
thrown [s\open\src\hotspot\share\interpreter\linkResolver.cpp, line 759]
Event: 0.200 Thread 0x00000212d6d4e1c0 Exception <a 'java/lang/ClassNotFoundException'{0x000000008cfb4a40}: com/sun/swing/internal/plaf/metal/resources/spi/metalProvider> (0x000000008cfb4a40) 
thrown [s\open\src\hotspot\share\classfile\systemDictionary.cpp, line 255]
Event: 0.201 Thread 0x00000212d6d4e1c0 Exception <a 'java/lang/ClassNotFoundException'{0x000000008cfb8a78}: com/sun/swing/internal/plaf/basic/resources/spi/basicProvider> (0x000000008cfb8a78) 
thrown [s\open\src\hotspot\share\classfile\systemDictionary.cpp, line 255]
Event: 0.206 Thread 0x00000212d6d4e1c0 Exception <a 'java/lang/NoSuchMethodError'{0x000000008cfd8e78}: 'int java.lang.invoke.Invokers$Holder.invokeExact_MT(java.lang.Object, java.lang.Object)'> (0x000000008cfd8e78) 
thrown [s\open\src\hotspot\share\interpreter\linkResolver.cpp, line 759]
Event: 0.246 Thread 0x00000212f9316d90 Exception <a 'java/lang/NoSuchMethodError'{0x000000008cd678b8}: 'java.lang.Object java.lang.invoke.DirectMethodHandle$Holder.newInvokeSpecial(java.lang.Object, java.lang.Object, java.lang.Object, int, int, int, int, int)'> (0x000000008cd678b8) 
thrown [s\open\src\hotspot\share\interpreter\linkResolver.cpp, line 759]
Event: 0.292 Thread 0x00000212f92b4590 Exception <a 'java/lang/NoSuchMethodError'{0x000000008d010250}: 'void java.lang.invoke.DirectMethodHandle$Holder.invokeVirtual(java.lang.Object, java.lang.Object)'> (0x000000008d010250) 
thrown [s\open\src\hotspot\share\interpreter\linkResolver.cpp, line 759]
Event: 0.305 Thread 0x00000212d6d4e1c0 Exception <a 'java/lang/NoSuchMethodError'{0x000000008c710fd8}: 'void java.lang.invoke.DirectMethodHandle$Holder.invokeStaticInit(java.lang.Object)'> (0x000000008c710fd8) 
thrown [s\open\src\hotspot\share\interpreter\linkResolver.cpp, line 759]

VM Operations (8 events):
Event: 0.060 Executing VM operation: HandshakeAllThreads
Event: 0.060 Executing VM operation: HandshakeAllThreads done
Event: 0.260 Executing VM operation: HandshakeAllThreads
Event: 0.260 Executing VM operation: HandshakeAllThreads done
Event: 0.282 Executing VM operation: HandshakeAllThreads
Event: 0.282 Executing VM operation: HandshakeAllThreads done
Event: 0.543 Executing VM operation: ICBufferFull
Event: 0.543 Executing VM operation: ICBufferFull done

Events (20 events):
Event: 0.029 Thread 0x00000212f4c88e80 Thread added: 0x00000212f4c88e80
Event: 0.029 Thread 0x00000212f4c8b780 Thread added: 0x00000212f4c8b780
Event: 0.047 Thread 0x00000212f4c462e0 Thread added: 0x00000212f4c462e0
Event: 0.056 Loaded shared library C:\Program Files\Java\jdk-18.0.2.1\bin\net.dll
Event: 0.057 Loaded shared library C:\Program Files\Java\jdk-18.0.2.1\bin\nio.dll
Event: 0.069 Thread 0x00000212f9111980 Thread added: 0x00000212f9111980
Event: 0.074 Thread 0x00000212d6d4ef30 Thread added: 0x00000212d6d4ef30
Event: 0.075 Loaded shared library C:\Program Files\Java\jdk-18.0.2.1\bin\zip.dll
Event: 0.087 Loaded shared library C:\Program Files\Java\jdk-18.0.2.1\bin\jimage.dll
Event: 0.098 Loaded shared library C:\Program Files\Java\jdk-18.0.2.1\bin\awt.dll
Event: 0.141 Thread 0x00000212f92323f0 Thread added: 0x00000212f92323f0
Event: 0.141 Thread 0x00000212f92328b0 Thread added: 0x00000212f92328b0
Event: 0.143 Thread 0x00000212f92b4590 Thread added: 0x00000212f92b4590
Event: 0.210 Thread 0x00000212f9316d90 Thread added: 0x00000212f9316d90
Event: 0.244 Loaded shared library C:\Program Files\Java\jdk-18.0.2.1\bin\javajpeg.dll
Event: 0.291 Thread 0x00000212f93c5430 Thread added: 0x00000212f93c5430
Event: 0.307 Loaded shared library C:\Program Files\Java\jdk-18.0.2.1\bin\freetype.dll
Event: 0.307 Loaded shared library C:\Program Files\Java\jdk-18.0.2.1\bin\fontmanager.dll
Event: 0.350 Thread 0x00000212d6d4e1c0 Thread exited: 0x00000212d6d4e1c0
Event: 0.350 Thread 0x00000212d6d4e1c0 Thread added: 0x00000212d6d4e1c0


Dynamic libraries:
0x00007ff71f690000 - 0x00007ff71f6a0000 	C:\Program Files\Java\jdk-18.0.2.1\bin\java.exe
0x00007ff872810000 - 0x00007ff872a24000 	C:\WINDOWS\SYSTEM32\ntdll.dll
0x00007ff870600000 - 0x00007ff8706c3000 	C:\WINDOWS\System32\KERNEL32.DLL
0x00007ff86fe70000 - 0x00007ff87020d000 	C:\WINDOWS\System32\KERNELBASE.dll
0x00007ff8703c0000 - 0x00007ff8704d1000 	C:\WINDOWS\System32\ucrtbase.dll
0x00007ff84b6a0000 - 0x00007ff84b6b8000 	C:\Program Files\Java\jdk-18.0.2.1\bin\jli.dll
0x00007ff871190000 - 0x00007ff87123e000 	C:\WINDOWS\System32\ADVAPI32.dll
0x00007ff84b420000 - 0x00007ff84b43a000 	C:\Program Files\Java\jdk-18.0.2.1\bin\VCRUNTIME140.dll
0x00007ff872550000 - 0x00007ff8725f7000 	C:\WINDOWS\System32\msvcrt.dll
0x00007ff8716c0000 - 0x00007ff871764000 	C:\WINDOWS\System32\sechost.dll
0x00007ff8721d0000 - 0x00007ff8722e5000 	C:\WINDOWS\System32\RPCRT4.dll
0x00007ff872370000 - 0x00007ff87251d000 	C:\WINDOWS\System32\USER32.dll
0x00007ff86fc30000 - 0x00007ff86fc56000 	C:\WINDOWS\System32\win32u.dll
0x00007ff872520000 - 0x00007ff872549000 	C:\WINDOWS\System32\GDI32.dll
0x00007ff84eba0000 - 0x00007ff84ee2e000 	C:\WINDOWS\WinSxS\amd64_microsoft.windows.common-controls_6595b64144ccf1df_6.0.22621.608_none_a9444ca7c10bb01d\COMCTL32.dll
0x00007ff8704e0000 - 0x00007ff8705f2000 	C:\WINDOWS\System32\gdi32full.dll
0x00007ff86fc60000 - 0x00007ff86fcfa000 	C:\WINDOWS\System32\msvcp_win.dll
0x00007ff85e560000 - 0x00007ff85e56a000 	C:\WINDOWS\SYSTEM32\VERSION.dll
0x00007ff872190000 - 0x00007ff8721c2000 	C:\WINDOWS\System32\IMM32.DLL
0x00007ff84b410000 - 0x00007ff84b41c000 	C:\Program Files\Java\jdk-18.0.2.1\bin\vcruntime140_1.dll
0x00007fffc79f0000 - 0x00007fffc7a7d000 	C:\Program Files\Java\jdk-18.0.2.1\bin\msvcp140.dll
0x00007fffc6b90000 - 0x00007fffc77a1000 	C:\Program Files\Java\jdk-18.0.2.1\bin\server\jvm.dll
0x00007ff871dd0000 - 0x00007ff871dd8000 	C:\WINDOWS\System32\PSAPI.DLL
0x00007ff864320000 - 0x00007ff864354000 	C:\WINDOWS\SYSTEM32\WINMM.dll
0x00007ff844200000 - 0x00007ff844209000 	C:\WINDOWS\SYSTEM32\WSOCK32.dll
0x00007ff8722f0000 - 0x00007ff872361000 	C:\WINDOWS\System32\WS2_32.dll
0x00007ff86ed50000 - 0x00007ff86ed68000 	C:\WINDOWS\SYSTEM32\kernel.appcore.dll
0x00007fffc7de0000 - 0x00007fffc7dea000 	C:\Program Files\Java\jdk-18.0.2.1\bin\jimage.dll
0x00007ff86d760000 - 0x00007ff86d98e000 	C:\WINDOWS\SYSTEM32\DBGHELP.DLL
0x00007ff871a40000 - 0x00007ff871dca000 	C:\WINDOWS\System32\combase.dll
0x00007ff871910000 - 0x00007ff8719e7000 	C:\WINDOWS\System32\OLEAUT32.dll
0x00007ff8482c0000 - 0x00007ff8482f2000 	C:\WINDOWS\SYSTEM32\dbgcore.DLL
0x00007ff8702d0000 - 0x00007ff87034b000 	C:\WINDOWS\System32\bcryptPrimitives.dll
0x00007fffc7df0000 - 0x00007fffc7e15000 	C:\Program Files\Java\jdk-18.0.2.1\bin\java.dll
0x00007fffc7d00000 - 0x00007fffc7dd6000 	C:\Program Files\Java\jdk-18.0.2.1\bin\jsvml.dll
0x00007ff8706d0000 - 0x00007ff870ebf000 	C:\WINDOWS\System32\SHELL32.dll
0x00007ff86dbd0000 - 0x00007ff86e498000 	C:\WINDOWS\SYSTEM32\windows.storage.dll
0x00007ff86da90000 - 0x00007ff86dbce000 	C:\WINDOWS\SYSTEM32\wintypes.dll
0x00007ff871de0000 - 0x00007ff871ed1000 	C:\WINDOWS\System32\SHCORE.dll
0x00007ff872120000 - 0x00007ff87217e000 	C:\WINDOWS\System32\shlwapi.dll
0x00007ff86fb60000 - 0x00007ff86fb81000 	C:\WINDOWS\SYSTEM32\profapi.dll
0x00007fffc7ce0000 - 0x00007fffc7cf3000 	C:\Program Files\Java\jdk-18.0.2.1\bin\net.dll
0x00007ff866bc0000 - 0x00007ff866cef000 	C:\WINDOWS\SYSTEM32\WINHTTP.dll
0x00007ff86f1e0000 - 0x00007ff86f249000 	C:\WINDOWS\system32\mswsock.dll
0x00007fffc7cc0000 - 0x00007fffc7cd6000 	C:\Program Files\Java\jdk-18.0.2.1\bin\nio.dll
0x00007fffc7ca0000 - 0x00007fffc7cb8000 	C:\Program Files\Java\jdk-18.0.2.1\bin\zip.dll
0x00007fffc7a80000 - 0x00007fffc7c0f000 	C:\Program Files\Java\jdk-18.0.2.1\bin\awt.dll
0x00007ff86ca10000 - 0x00007ff86caa7000 	C:\WINDOWS\SYSTEM32\apphelp.dll
0x00007ff86ce40000 - 0x00007ff86ce6b000 	C:\WINDOWS\system32\DWMAPI.DLL
0x00007ff86cbb0000 - 0x00007ff86cc5b000 	C:\WINDOWS\system32\uxtheme.dll
0x00007ff84df00000 - 0x00007ff84e000000 	C:\WINDOWS\system32\opengl32.dll
0x00007ff84e6d0000 - 0x00007ff84e6fd000 	C:\WINDOWS\SYSTEM32\GLU32.dll
0x00007ff86ccd0000 - 0x00007ff86cd06000 	C:\WINDOWS\SYSTEM32\dxcore.dll
0x00007ff871070000 - 0x00007ff87118e000 	C:\WINDOWS\System32\MSCTF.dll
0x00007ff871770000 - 0x00007ff87190c000 	C:\WINDOWS\System32\ole32.dll
0x00007ff811f30000 - 0x00007ff811f5d000 	C:\Program Files\Java\jdk-18.0.2.1\bin\javajpeg.dll
0x00007fffc7960000 - 0x00007fffc79e6000 	C:\Program Files\Java\jdk-18.0.2.1\bin\freetype.dll
0x00007fffc78b0000 - 0x00007fffc7958000 	C:\Program Files\Java\jdk-18.0.2.1\bin\fontmanager.dll
0x00007ff861280000 - 0x00007ff8613ad000 	C:\WINDOWS\SYSTEM32\textinputframework.dll

dbghelp: loaded successfully - version: 4.0.5 - missing functions: none
symbol engine: initialized successfully - sym options: 0x614 - pdb path: .;C:\Program Files\Java\jdk-18.0.2.1\bin;C:\WINDOWS\SYSTEM32;C:\WINDOWS\WinSxS\amd64_microsoft.windows.common-controls_6595b64144ccf1df_6.0.22621.608_none_a9444ca7c10bb01d;C:\Program Files\Java\jdk-18.0.2.1\bin\server

VM Arguments:
jvm_args: -Dfile.encoding=UTF-8 --module-path=C:\Users\HP\Dropbox\PC\Documents\NetBeansProjects\Bank Management System\build\classes 
java_command: bank.management.system.Transactions
java_class_path (initial): C:\Users\HP\Dropbox\PC\Downloads\jcalendar-1.4\lib\jcalendar-1.4.jar;C:\Users\HP\Dropbox\PC\Desktop\mysql-connector-java-8.0.30 (1)\mysql-connector-java-8.0.30\mysql-connector-java-8.0.30.jar;C:\Users\HP\Dropbox\PC\Documents\NetBeansProjects\Bank Management System\build\classes
Launcher Type: SUN_STANDARD

[Global flags]
     intx CICompilerCount                          = 4                                         {product} {ergonomic}
     uint ConcGCThreads                            = 2                                         {product} {ergonomic}
     uint G1ConcRefinementThreads                  = 8                                         {product} {ergonomic}
   size_t G1HeapRegionSize                         = 1048576                                   {product} {ergonomic}
    uintx GCDrainStackTargetSize                   = 64                                        {product} {ergonomic}
   size_t InitialHeapSize                          = 130023424                                 {product} {ergonomic}
   size_t MarkStackSize                            = 4194304                                   {product} {ergonomic}
   size_t MaxHeapSize                              = 2055208960                                {product} {ergonomic}
   size_t MaxNewSize                               = 1233125376                                {product} {ergonomic}
   size_t MinHeapDeltaBytes                        = 1048576                                   {product} {ergonomic}
   size_t MinHeapSize                              = 8388608                                   {product} {ergonomic}
    uintx NonNMethodCodeHeapSize                   = 5839372                                {pd product} {ergonomic}
    uintx NonProfiledCodeHeapSize                  = 122909434                              {pd product} {ergonomic}
    uintx ProfiledCodeHeapSize                     = 122909434                              {pd product} {ergonomic}
    uintx ReservedCodeCacheSize                    = 251658240                              {pd product} {ergonomic}
     bool SegmentedCodeCache                       = true                                      {product} {ergonomic}
   size_t SoftMaxHeapSize                          = 2055208960                             {manageable} {ergonomic}
     bool UseCompressedClassPointers               = true                           {product lp64_product} {ergonomic}
     bool UseCompressedOops                        = true                           {product lp64_product} {ergonomic}
     bool UseG1GC                                  = true                                      {product} {ergonomic}
     bool UseLargePagesIndividualAllocation        = false                                  {pd product} {ergonomic}

Logging:
Log output configuration:
 #0: stdout all=warning uptime,level,tags foldmultilines=false
 #1: stderr all=off uptime,level,tags foldmultilines=false

Environment Variables:
PATH=D:\movies\WINDOWS.X64_193000_db_home\bin;C:\Program Files\Common Files\Oracle\Java\javapath;C:\Program Files (x86)\Common Files\Oracle\Java\javapath;C:\Program Files (x86)\NVIDIA Corporation\PhysX\Common;D:\Jypyter Codes;C:\WINDOWS\system32;C:\WINDOWS;C:\WINDOWS\System32\Wbem;C:\WINDOWS\System32\WindowsPowerShell\v1.0\;C:\WINDOWS\System32\OpenSSH\;C:\Program Files (x86)\PowerShell\7\;C:\Program Files\PowerShell\7\;C:\Program Files\Git\cmd;C:\Program Files\Microsoft SQL Server\Client SDK\ODBC\170\Tools\Binn\;C:\Program Files\dotnet\;C:\WINDOWS\system32;C:\WINDOWS;C:\WINDOWS\System32\Wbem;C:\WINDOWS\System32\WindowsPowerShell\v1.0\;C:\WINDOWS\System32\OpenSSH\;C:\Program Files\nodejs\;C:\Program Files\MySQL\MySQL Shell 8.0\bin\;D:\Jypyter Codes;C:\Program Files\PyCharm Community Edition 2021.2\bin;;C:\Users\HP\AppData\Local\Microsoft\WindowsApps;C:\MinGW\bin;;C:\Program Files\JetBrains\IntelliJ IDEA Community Edition 2021.3.3\bin;;C:\Users\HP\.dotnet\tools;C:\Users\HP\AppData\Roaming\npm;C:\Users\HP\AppData\Local\Programs\Microsoft VS Code\bin
USERNAME=HP
OS=Windows_NT
PROCESSOR_IDENTIFIER=Intel64 Family 6 Model 140 Stepping 1, GenuineIntel



---------------  S Y S T E M  ---------------

OS:
 Windows 11 , 64 bit Build 22621 (10.0.22621.963)
OS uptime: 0 days 1:25 hours
Hyper-V role detected

CPU: total 8 (initial active 8) (4 cores per cpu, 2 threads per core) family 6 model 140 stepping 1 microcode 0x9a, cx8, cmov, fxsr, ht, mmx, 3dnowpref, sse, sse2, sse3, ssse3, sse4.1, sse4.2, popcnt, lzcnt, tsc, tscinvbit, avx, avx2, aes, erms, clmul, bmi1, bmi2, adx, avx512f, avx512dq, avx512cd, avx512bw, avx512vl, sha, fma, vzeroupper, avx512_vpopcntdq, avx512_vpclmulqdq, avx512_vaes, avx512_vnni, clflush, clflushopt, clwb, avx512_vbmi2, avx512_vbmi, hv

Memory: 4k page, system-wide physical 7834M (598M free)
TotalPageFile size 25473M (AvailPageFile size 0M)
current process WorkingSet (physical memory assigned to process): 83M, peak: 83M
current process commit charge ("private bytes"): 221M, peak: 222M

vm_info: Java HotSpot(TM) 64-Bit Server VM (18.0.2.1+1-1) for windows-amd64 JRE (18.0.2.1+1-1), built on Aug 16 2022 01:46:33 by "mach5one" with MS VC++ 16.8 / 16.9 (VS2019)

END.
